ARM GAS  C:\Users\gigig\AppData\Local\Temp\ccCJDORm.s 			page 1


   1              		.cpu cortex-m7
   2              		.arch armv7e-m
   3              		.fpu fpv5-d16
   4              		.eabi_attribute 28, 1
   5              		.eabi_attribute 20, 1
   6              		.eabi_attribute 21, 1
   7              		.eabi_attribute 23, 3
   8              		.eabi_attribute 24, 1
   9              		.eabi_attribute 25, 1
  10              		.eabi_attribute 26, 1
  11              		.eabi_attribute 30, 1
  12              		.eabi_attribute 34, 1
  13              		.eabi_attribute 18, 4
  14              		.file	"stm32h7xx_hal_pcd_ex.c"
  15              		.text
  16              	.Ltext0:
  17              		.cfi_sections	.debug_frame
  18              		.file 1 "../../Drivers/STM32H7xx_HAL_Driver/Src/stm32h7xx_hal_pcd_ex.c"
  19              		.section	.text.HAL_PCDEx_SetTxFiFo,"ax",%progbits
  20              		.align	1
  21              		.global	HAL_PCDEx_SetTxFiFo
  22              		.syntax unified
  23              		.thumb
  24              		.thumb_func
  26              	HAL_PCDEx_SetTxFiFo:
  27              	.LVL0:
  28              	.LFB144:
   1:../../Drivers/STM32H7xx_HAL_Driver/Src/stm32h7xx_hal_pcd_ex.c **** /**
   2:../../Drivers/STM32H7xx_HAL_Driver/Src/stm32h7xx_hal_pcd_ex.c ****   ******************************************************************************
   3:../../Drivers/STM32H7xx_HAL_Driver/Src/stm32h7xx_hal_pcd_ex.c ****   * @file    stm32h7xx_hal_pcd_ex.c
   4:../../Drivers/STM32H7xx_HAL_Driver/Src/stm32h7xx_hal_pcd_ex.c ****   * @author  MCD Application Team
   5:../../Drivers/STM32H7xx_HAL_Driver/Src/stm32h7xx_hal_pcd_ex.c ****   * @brief   PCD Extended HAL module driver.
   6:../../Drivers/STM32H7xx_HAL_Driver/Src/stm32h7xx_hal_pcd_ex.c ****   *          This file provides firmware functions to manage the following
   7:../../Drivers/STM32H7xx_HAL_Driver/Src/stm32h7xx_hal_pcd_ex.c ****   *          functionalities of the USB Peripheral Controller:
   8:../../Drivers/STM32H7xx_HAL_Driver/Src/stm32h7xx_hal_pcd_ex.c ****   *           + Extended features functions
   9:../../Drivers/STM32H7xx_HAL_Driver/Src/stm32h7xx_hal_pcd_ex.c ****   *
  10:../../Drivers/STM32H7xx_HAL_Driver/Src/stm32h7xx_hal_pcd_ex.c ****   ******************************************************************************
  11:../../Drivers/STM32H7xx_HAL_Driver/Src/stm32h7xx_hal_pcd_ex.c ****   * @attention
  12:../../Drivers/STM32H7xx_HAL_Driver/Src/stm32h7xx_hal_pcd_ex.c ****   *
  13:../../Drivers/STM32H7xx_HAL_Driver/Src/stm32h7xx_hal_pcd_ex.c ****   * Copyright (c) 2017 STMicroelectronics.
  14:../../Drivers/STM32H7xx_HAL_Driver/Src/stm32h7xx_hal_pcd_ex.c ****   * All rights reserved.
  15:../../Drivers/STM32H7xx_HAL_Driver/Src/stm32h7xx_hal_pcd_ex.c ****   *
  16:../../Drivers/STM32H7xx_HAL_Driver/Src/stm32h7xx_hal_pcd_ex.c ****   * This software is licensed under terms that can be found in the LICENSE file
  17:../../Drivers/STM32H7xx_HAL_Driver/Src/stm32h7xx_hal_pcd_ex.c ****   * in the root directory of this software component.
  18:../../Drivers/STM32H7xx_HAL_Driver/Src/stm32h7xx_hal_pcd_ex.c ****   * If no LICENSE file comes with this software, it is provided AS-IS.
  19:../../Drivers/STM32H7xx_HAL_Driver/Src/stm32h7xx_hal_pcd_ex.c ****   *
  20:../../Drivers/STM32H7xx_HAL_Driver/Src/stm32h7xx_hal_pcd_ex.c ****   ******************************************************************************
  21:../../Drivers/STM32H7xx_HAL_Driver/Src/stm32h7xx_hal_pcd_ex.c ****   */
  22:../../Drivers/STM32H7xx_HAL_Driver/Src/stm32h7xx_hal_pcd_ex.c **** 
  23:../../Drivers/STM32H7xx_HAL_Driver/Src/stm32h7xx_hal_pcd_ex.c **** /* Includes ------------------------------------------------------------------*/
  24:../../Drivers/STM32H7xx_HAL_Driver/Src/stm32h7xx_hal_pcd_ex.c **** #include "stm32h7xx_hal.h"
  25:../../Drivers/STM32H7xx_HAL_Driver/Src/stm32h7xx_hal_pcd_ex.c **** 
  26:../../Drivers/STM32H7xx_HAL_Driver/Src/stm32h7xx_hal_pcd_ex.c **** /** @addtogroup STM32H7xx_HAL_Driver
  27:../../Drivers/STM32H7xx_HAL_Driver/Src/stm32h7xx_hal_pcd_ex.c ****   * @{
  28:../../Drivers/STM32H7xx_HAL_Driver/Src/stm32h7xx_hal_pcd_ex.c ****   */
  29:../../Drivers/STM32H7xx_HAL_Driver/Src/stm32h7xx_hal_pcd_ex.c **** 
  30:../../Drivers/STM32H7xx_HAL_Driver/Src/stm32h7xx_hal_pcd_ex.c **** /** @defgroup PCDEx PCDEx
ARM GAS  C:\Users\gigig\AppData\Local\Temp\ccCJDORm.s 			page 2


  31:../../Drivers/STM32H7xx_HAL_Driver/Src/stm32h7xx_hal_pcd_ex.c ****   * @brief PCD Extended HAL module driver
  32:../../Drivers/STM32H7xx_HAL_Driver/Src/stm32h7xx_hal_pcd_ex.c ****   * @{
  33:../../Drivers/STM32H7xx_HAL_Driver/Src/stm32h7xx_hal_pcd_ex.c ****   */
  34:../../Drivers/STM32H7xx_HAL_Driver/Src/stm32h7xx_hal_pcd_ex.c **** 
  35:../../Drivers/STM32H7xx_HAL_Driver/Src/stm32h7xx_hal_pcd_ex.c **** #ifdef HAL_PCD_MODULE_ENABLED
  36:../../Drivers/STM32H7xx_HAL_Driver/Src/stm32h7xx_hal_pcd_ex.c **** 
  37:../../Drivers/STM32H7xx_HAL_Driver/Src/stm32h7xx_hal_pcd_ex.c **** #if defined (USB_OTG_FS) || defined (USB_OTG_HS)
  38:../../Drivers/STM32H7xx_HAL_Driver/Src/stm32h7xx_hal_pcd_ex.c **** /* Private types -------------------------------------------------------------*/
  39:../../Drivers/STM32H7xx_HAL_Driver/Src/stm32h7xx_hal_pcd_ex.c **** /* Private variables ---------------------------------------------------------*/
  40:../../Drivers/STM32H7xx_HAL_Driver/Src/stm32h7xx_hal_pcd_ex.c **** /* Private constants ---------------------------------------------------------*/
  41:../../Drivers/STM32H7xx_HAL_Driver/Src/stm32h7xx_hal_pcd_ex.c **** /* Private macros ------------------------------------------------------------*/
  42:../../Drivers/STM32H7xx_HAL_Driver/Src/stm32h7xx_hal_pcd_ex.c **** /* Private functions ---------------------------------------------------------*/
  43:../../Drivers/STM32H7xx_HAL_Driver/Src/stm32h7xx_hal_pcd_ex.c **** /* Exported functions --------------------------------------------------------*/
  44:../../Drivers/STM32H7xx_HAL_Driver/Src/stm32h7xx_hal_pcd_ex.c **** 
  45:../../Drivers/STM32H7xx_HAL_Driver/Src/stm32h7xx_hal_pcd_ex.c **** /** @defgroup PCDEx_Exported_Functions PCDEx Exported Functions
  46:../../Drivers/STM32H7xx_HAL_Driver/Src/stm32h7xx_hal_pcd_ex.c ****   * @{
  47:../../Drivers/STM32H7xx_HAL_Driver/Src/stm32h7xx_hal_pcd_ex.c ****   */
  48:../../Drivers/STM32H7xx_HAL_Driver/Src/stm32h7xx_hal_pcd_ex.c **** 
  49:../../Drivers/STM32H7xx_HAL_Driver/Src/stm32h7xx_hal_pcd_ex.c **** /** @defgroup PCDEx_Exported_Functions_Group1 Peripheral Control functions
  50:../../Drivers/STM32H7xx_HAL_Driver/Src/stm32h7xx_hal_pcd_ex.c ****   * @brief    PCDEx control functions
  51:../../Drivers/STM32H7xx_HAL_Driver/Src/stm32h7xx_hal_pcd_ex.c ****   *
  52:../../Drivers/STM32H7xx_HAL_Driver/Src/stm32h7xx_hal_pcd_ex.c **** @verbatim
  53:../../Drivers/STM32H7xx_HAL_Driver/Src/stm32h7xx_hal_pcd_ex.c ****  ===============================================================================
  54:../../Drivers/STM32H7xx_HAL_Driver/Src/stm32h7xx_hal_pcd_ex.c ****                  ##### Extended features functions #####
  55:../../Drivers/STM32H7xx_HAL_Driver/Src/stm32h7xx_hal_pcd_ex.c ****  ===============================================================================
  56:../../Drivers/STM32H7xx_HAL_Driver/Src/stm32h7xx_hal_pcd_ex.c ****     [..]  This section provides functions allowing to:
  57:../../Drivers/STM32H7xx_HAL_Driver/Src/stm32h7xx_hal_pcd_ex.c ****       (+) Update FIFO configuration
  58:../../Drivers/STM32H7xx_HAL_Driver/Src/stm32h7xx_hal_pcd_ex.c **** 
  59:../../Drivers/STM32H7xx_HAL_Driver/Src/stm32h7xx_hal_pcd_ex.c **** @endverbatim
  60:../../Drivers/STM32H7xx_HAL_Driver/Src/stm32h7xx_hal_pcd_ex.c ****   * @{
  61:../../Drivers/STM32H7xx_HAL_Driver/Src/stm32h7xx_hal_pcd_ex.c ****   */
  62:../../Drivers/STM32H7xx_HAL_Driver/Src/stm32h7xx_hal_pcd_ex.c **** #if defined (USB_OTG_FS) || defined (USB_OTG_HS)
  63:../../Drivers/STM32H7xx_HAL_Driver/Src/stm32h7xx_hal_pcd_ex.c **** /**
  64:../../Drivers/STM32H7xx_HAL_Driver/Src/stm32h7xx_hal_pcd_ex.c ****   * @brief  Set Tx FIFO
  65:../../Drivers/STM32H7xx_HAL_Driver/Src/stm32h7xx_hal_pcd_ex.c ****   * @param  hpcd PCD handle
  66:../../Drivers/STM32H7xx_HAL_Driver/Src/stm32h7xx_hal_pcd_ex.c ****   * @param  fifo The number of Tx fifo
  67:../../Drivers/STM32H7xx_HAL_Driver/Src/stm32h7xx_hal_pcd_ex.c ****   * @param  size Fifo size
  68:../../Drivers/STM32H7xx_HAL_Driver/Src/stm32h7xx_hal_pcd_ex.c ****   * @retval HAL status
  69:../../Drivers/STM32H7xx_HAL_Driver/Src/stm32h7xx_hal_pcd_ex.c ****   */
  70:../../Drivers/STM32H7xx_HAL_Driver/Src/stm32h7xx_hal_pcd_ex.c **** HAL_StatusTypeDef HAL_PCDEx_SetTxFiFo(PCD_HandleTypeDef *hpcd, uint8_t fifo, uint16_t size)
  71:../../Drivers/STM32H7xx_HAL_Driver/Src/stm32h7xx_hal_pcd_ex.c **** {
  29              		.loc 1 71 1 view -0
  30              		.cfi_startproc
  31              		@ args = 0, pretend = 0, frame = 0
  32              		@ frame_needed = 0, uses_anonymous_args = 0
  33              		@ link register save eliminated.
  34              		.loc 1 71 1 is_stmt 0 view .LVU1
  35 0000 10B4     		push	{r4}
  36              	.LCFI0:
  37              		.cfi_def_cfa_offset 4
  38              		.cfi_offset 4, -4
  72:../../Drivers/STM32H7xx_HAL_Driver/Src/stm32h7xx_hal_pcd_ex.c ****   uint8_t i;
  39              		.loc 1 72 3 is_stmt 1 view .LVU2
  73:../../Drivers/STM32H7xx_HAL_Driver/Src/stm32h7xx_hal_pcd_ex.c ****   uint32_t Tx_Offset;
  40              		.loc 1 73 3 view .LVU3
  74:../../Drivers/STM32H7xx_HAL_Driver/Src/stm32h7xx_hal_pcd_ex.c **** 
  75:../../Drivers/STM32H7xx_HAL_Driver/Src/stm32h7xx_hal_pcd_ex.c ****   /*  TXn min size = 16 words. (n  : Transmit FIFO index)
ARM GAS  C:\Users\gigig\AppData\Local\Temp\ccCJDORm.s 			page 3


  76:../../Drivers/STM32H7xx_HAL_Driver/Src/stm32h7xx_hal_pcd_ex.c ****       When a TxFIFO is not used, the Configuration should be as follows:
  77:../../Drivers/STM32H7xx_HAL_Driver/Src/stm32h7xx_hal_pcd_ex.c ****           case 1 :  n > m    and Txn is not used    (n,m  : Transmit FIFO indexes)
  78:../../Drivers/STM32H7xx_HAL_Driver/Src/stm32h7xx_hal_pcd_ex.c ****          --> Txm can use the space allocated for Txn.
  79:../../Drivers/STM32H7xx_HAL_Driver/Src/stm32h7xx_hal_pcd_ex.c ****          case2  :  n < m    and Txn is not used    (n,m  : Transmit FIFO indexes)
  80:../../Drivers/STM32H7xx_HAL_Driver/Src/stm32h7xx_hal_pcd_ex.c ****          --> Txn should be configured with the minimum space of 16 words
  81:../../Drivers/STM32H7xx_HAL_Driver/Src/stm32h7xx_hal_pcd_ex.c ****      The FIFO is used optimally when used TxFIFOs are allocated in the top
  82:../../Drivers/STM32H7xx_HAL_Driver/Src/stm32h7xx_hal_pcd_ex.c ****          of the FIFO.Ex: use EP1 and EP2 as IN instead of EP1 and EP3 as IN ones.
  83:../../Drivers/STM32H7xx_HAL_Driver/Src/stm32h7xx_hal_pcd_ex.c ****      When DMA is used 3n * FIFO locations should be reserved for internal DMA registers */
  84:../../Drivers/STM32H7xx_HAL_Driver/Src/stm32h7xx_hal_pcd_ex.c **** 
  85:../../Drivers/STM32H7xx_HAL_Driver/Src/stm32h7xx_hal_pcd_ex.c ****   Tx_Offset = hpcd->Instance->GRXFSIZ;
  41              		.loc 1 85 3 view .LVU4
  42              		.loc 1 85 19 is_stmt 0 view .LVU5
  43 0002 0468     		ldr	r4, [r0]
  44              		.loc 1 85 13 view .LVU6
  45 0004 606A     		ldr	r0, [r4, #36]
  46              	.LVL1:
  86:../../Drivers/STM32H7xx_HAL_Driver/Src/stm32h7xx_hal_pcd_ex.c **** 
  87:../../Drivers/STM32H7xx_HAL_Driver/Src/stm32h7xx_hal_pcd_ex.c ****   if (fifo == 0U)
  47              		.loc 1 87 3 is_stmt 1 view .LVU7
  48              		.loc 1 87 6 is_stmt 0 view .LVU8
  49 0006 31B9     		cbnz	r1, .L2
  88:../../Drivers/STM32H7xx_HAL_Driver/Src/stm32h7xx_hal_pcd_ex.c ****   {
  89:../../Drivers/STM32H7xx_HAL_Driver/Src/stm32h7xx_hal_pcd_ex.c ****     hpcd->Instance->DIEPTXF0_HNPTXFSIZ = ((uint32_t)size << 16) | Tx_Offset;
  50              		.loc 1 89 5 is_stmt 1 view .LVU9
  51              		.loc 1 89 65 is_stmt 0 view .LVU10
  52 0008 40EA0240 		orr	r0, r0, r2, lsl #16
  53              	.LVL2:
  54              		.loc 1 89 40 view .LVU11
  55 000c A062     		str	r0, [r4, #40]
  56              	.LVL3:
  57              	.L3:
  90:../../Drivers/STM32H7xx_HAL_Driver/Src/stm32h7xx_hal_pcd_ex.c ****   }
  91:../../Drivers/STM32H7xx_HAL_Driver/Src/stm32h7xx_hal_pcd_ex.c ****   else
  92:../../Drivers/STM32H7xx_HAL_Driver/Src/stm32h7xx_hal_pcd_ex.c ****   {
  93:../../Drivers/STM32H7xx_HAL_Driver/Src/stm32h7xx_hal_pcd_ex.c ****     Tx_Offset += (hpcd->Instance->DIEPTXF0_HNPTXFSIZ) >> 16;
  94:../../Drivers/STM32H7xx_HAL_Driver/Src/stm32h7xx_hal_pcd_ex.c ****     for (i = 0U; i < (fifo - 1U); i++)
  95:../../Drivers/STM32H7xx_HAL_Driver/Src/stm32h7xx_hal_pcd_ex.c ****     {
  96:../../Drivers/STM32H7xx_HAL_Driver/Src/stm32h7xx_hal_pcd_ex.c ****       Tx_Offset += (hpcd->Instance->DIEPTXF[i] >> 16);
  97:../../Drivers/STM32H7xx_HAL_Driver/Src/stm32h7xx_hal_pcd_ex.c ****     }
  98:../../Drivers/STM32H7xx_HAL_Driver/Src/stm32h7xx_hal_pcd_ex.c **** 
  99:../../Drivers/STM32H7xx_HAL_Driver/Src/stm32h7xx_hal_pcd_ex.c ****     /* Multiply Tx_Size by 2 to get higher performance */
 100:../../Drivers/STM32H7xx_HAL_Driver/Src/stm32h7xx_hal_pcd_ex.c ****     hpcd->Instance->DIEPTXF[fifo - 1U] = ((uint32_t)size << 16) | Tx_Offset;
 101:../../Drivers/STM32H7xx_HAL_Driver/Src/stm32h7xx_hal_pcd_ex.c ****   }
 102:../../Drivers/STM32H7xx_HAL_Driver/Src/stm32h7xx_hal_pcd_ex.c **** 
 103:../../Drivers/STM32H7xx_HAL_Driver/Src/stm32h7xx_hal_pcd_ex.c ****   return HAL_OK;
  58              		.loc 1 103 3 is_stmt 1 view .LVU12
 104:../../Drivers/STM32H7xx_HAL_Driver/Src/stm32h7xx_hal_pcd_ex.c **** }
  59              		.loc 1 104 1 is_stmt 0 view .LVU13
  60 000e 0020     		movs	r0, #0
  61 0010 5DF8044B 		ldr	r4, [sp], #4
  62              	.LCFI1:
  63              		.cfi_remember_state
  64              		.cfi_restore 4
  65              		.cfi_def_cfa_offset 0
  66 0014 7047     		bx	lr
  67              	.LVL4:
  68              	.L2:
ARM GAS  C:\Users\gigig\AppData\Local\Temp\ccCJDORm.s 			page 4


  69              	.LCFI2:
  70              		.cfi_restore_state
  71              		.loc 1 104 1 view .LVU14
  72 0016 8C46     		mov	ip, r1
  93:../../Drivers/STM32H7xx_HAL_Driver/Src/stm32h7xx_hal_pcd_ex.c ****     for (i = 0U; i < (fifo - 1U); i++)
  73              		.loc 1 93 5 is_stmt 1 view .LVU15
  93:../../Drivers/STM32H7xx_HAL_Driver/Src/stm32h7xx_hal_pcd_ex.c ****     for (i = 0U; i < (fifo - 1U); i++)
  74              		.loc 1 93 33 is_stmt 0 view .LVU16
  75 0018 A36A     		ldr	r3, [r4, #40]
  93:../../Drivers/STM32H7xx_HAL_Driver/Src/stm32h7xx_hal_pcd_ex.c ****     for (i = 0U; i < (fifo - 1U); i++)
  76              		.loc 1 93 15 view .LVU17
  77 001a 00EB1340 		add	r0, r0, r3, lsr #16
  78              	.LVL5:
  94:../../Drivers/STM32H7xx_HAL_Driver/Src/stm32h7xx_hal_pcd_ex.c ****     {
  79              		.loc 1 94 5 is_stmt 1 view .LVU18
  94:../../Drivers/STM32H7xx_HAL_Driver/Src/stm32h7xx_hal_pcd_ex.c ****     {
  80              		.loc 1 94 12 is_stmt 0 view .LVU19
  81 001e 0023     		movs	r3, #0
  94:../../Drivers/STM32H7xx_HAL_Driver/Src/stm32h7xx_hal_pcd_ex.c ****     {
  82              		.loc 1 94 5 view .LVU20
  83 0020 08E0     		b	.L4
  84              	.LVL6:
  85              	.L5:
  96:../../Drivers/STM32H7xx_HAL_Driver/Src/stm32h7xx_hal_pcd_ex.c ****     }
  86              		.loc 1 96 7 is_stmt 1 discriminator 3 view .LVU21
  96:../../Drivers/STM32H7xx_HAL_Driver/Src/stm32h7xx_hal_pcd_ex.c ****     }
  87              		.loc 1 96 44 is_stmt 0 discriminator 3 view .LVU22
  88 0022 03F14001 		add	r1, r3, #64
  89 0026 04EB8101 		add	r1, r4, r1, lsl #2
  90 002a 4968     		ldr	r1, [r1, #4]
  96:../../Drivers/STM32H7xx_HAL_Driver/Src/stm32h7xx_hal_pcd_ex.c ****     }
  91              		.loc 1 96 17 discriminator 3 view .LVU23
  92 002c 00EB1140 		add	r0, r0, r1, lsr #16
  93              	.LVL7:
  94:../../Drivers/STM32H7xx_HAL_Driver/Src/stm32h7xx_hal_pcd_ex.c ****     {
  94              		.loc 1 94 36 is_stmt 1 discriminator 3 view .LVU24
  95 0030 0133     		adds	r3, r3, #1
  96              	.LVL8:
  94:../../Drivers/STM32H7xx_HAL_Driver/Src/stm32h7xx_hal_pcd_ex.c ****     {
  97              		.loc 1 94 36 is_stmt 0 discriminator 3 view .LVU25
  98 0032 DBB2     		uxtb	r3, r3
  99              	.LVL9:
 100              	.L4:
  94:../../Drivers/STM32H7xx_HAL_Driver/Src/stm32h7xx_hal_pcd_ex.c ****     {
 101              		.loc 1 94 20 is_stmt 1 discriminator 1 view .LVU26
  94:../../Drivers/STM32H7xx_HAL_Driver/Src/stm32h7xx_hal_pcd_ex.c ****     {
 102              		.loc 1 94 28 is_stmt 0 discriminator 1 view .LVU27
 103 0034 0CF1FF31 		add	r1, ip, #-1
  94:../../Drivers/STM32H7xx_HAL_Driver/Src/stm32h7xx_hal_pcd_ex.c ****     {
 104              		.loc 1 94 20 discriminator 1 view .LVU28
 105 0038 8B42     		cmp	r3, r1
 106 003a F2D3     		bcc	.L5
 100:../../Drivers/STM32H7xx_HAL_Driver/Src/stm32h7xx_hal_pcd_ex.c ****   }
 107              		.loc 1 100 5 is_stmt 1 view .LVU29
 100:../../Drivers/STM32H7xx_HAL_Driver/Src/stm32h7xx_hal_pcd_ex.c ****   }
 108              		.loc 1 100 65 is_stmt 0 view .LVU30
 109 003c 40EA0240 		orr	r0, r0, r2, lsl #16
ARM GAS  C:\Users\gigig\AppData\Local\Temp\ccCJDORm.s 			page 5


 110              	.LVL10:
 100:../../Drivers/STM32H7xx_HAL_Driver/Src/stm32h7xx_hal_pcd_ex.c ****   }
 111              		.loc 1 100 40 view .LVU31
 112 0040 0CF13F01 		add	r1, ip, #63
 113 0044 04EB8104 		add	r4, r4, r1, lsl #2
 114 0048 6060     		str	r0, [r4, #4]
 115 004a E0E7     		b	.L3
 116              		.cfi_endproc
 117              	.LFE144:
 119              		.section	.text.HAL_PCDEx_SetRxFiFo,"ax",%progbits
 120              		.align	1
 121              		.global	HAL_PCDEx_SetRxFiFo
 122              		.syntax unified
 123              		.thumb
 124              		.thumb_func
 126              	HAL_PCDEx_SetRxFiFo:
 127              	.LVL11:
 128              	.LFB145:
 105:../../Drivers/STM32H7xx_HAL_Driver/Src/stm32h7xx_hal_pcd_ex.c **** 
 106:../../Drivers/STM32H7xx_HAL_Driver/Src/stm32h7xx_hal_pcd_ex.c **** /**
 107:../../Drivers/STM32H7xx_HAL_Driver/Src/stm32h7xx_hal_pcd_ex.c ****   * @brief  Set Rx FIFO
 108:../../Drivers/STM32H7xx_HAL_Driver/Src/stm32h7xx_hal_pcd_ex.c ****   * @param  hpcd PCD handle
 109:../../Drivers/STM32H7xx_HAL_Driver/Src/stm32h7xx_hal_pcd_ex.c ****   * @param  size Size of Rx fifo
 110:../../Drivers/STM32H7xx_HAL_Driver/Src/stm32h7xx_hal_pcd_ex.c ****   * @retval HAL status
 111:../../Drivers/STM32H7xx_HAL_Driver/Src/stm32h7xx_hal_pcd_ex.c ****   */
 112:../../Drivers/STM32H7xx_HAL_Driver/Src/stm32h7xx_hal_pcd_ex.c **** HAL_StatusTypeDef HAL_PCDEx_SetRxFiFo(PCD_HandleTypeDef *hpcd, uint16_t size)
 113:../../Drivers/STM32H7xx_HAL_Driver/Src/stm32h7xx_hal_pcd_ex.c **** {
 129              		.loc 1 113 1 is_stmt 1 view -0
 130              		.cfi_startproc
 131              		@ args = 0, pretend = 0, frame = 0
 132              		@ frame_needed = 0, uses_anonymous_args = 0
 133              		@ link register save eliminated.
 114:../../Drivers/STM32H7xx_HAL_Driver/Src/stm32h7xx_hal_pcd_ex.c ****   hpcd->Instance->GRXFSIZ = size;
 134              		.loc 1 114 3 view .LVU33
 135              		.loc 1 114 7 is_stmt 0 view .LVU34
 136 0000 0368     		ldr	r3, [r0]
 137              		.loc 1 114 27 view .LVU35
 138 0002 5962     		str	r1, [r3, #36]
 115:../../Drivers/STM32H7xx_HAL_Driver/Src/stm32h7xx_hal_pcd_ex.c **** 
 116:../../Drivers/STM32H7xx_HAL_Driver/Src/stm32h7xx_hal_pcd_ex.c ****   return HAL_OK;
 139              		.loc 1 116 3 is_stmt 1 view .LVU36
 117:../../Drivers/STM32H7xx_HAL_Driver/Src/stm32h7xx_hal_pcd_ex.c **** }
 140              		.loc 1 117 1 is_stmt 0 view .LVU37
 141 0004 0020     		movs	r0, #0
 142              	.LVL12:
 143              		.loc 1 117 1 view .LVU38
 144 0006 7047     		bx	lr
 145              		.cfi_endproc
 146              	.LFE145:
 148              		.section	.text.HAL_PCDEx_ActivateLPM,"ax",%progbits
 149              		.align	1
 150              		.global	HAL_PCDEx_ActivateLPM
 151              		.syntax unified
 152              		.thumb
 153              		.thumb_func
 155              	HAL_PCDEx_ActivateLPM:
 156              	.LVL13:
ARM GAS  C:\Users\gigig\AppData\Local\Temp\ccCJDORm.s 			page 6


 157              	.LFB146:
 118:../../Drivers/STM32H7xx_HAL_Driver/Src/stm32h7xx_hal_pcd_ex.c **** 
 119:../../Drivers/STM32H7xx_HAL_Driver/Src/stm32h7xx_hal_pcd_ex.c **** /**
 120:../../Drivers/STM32H7xx_HAL_Driver/Src/stm32h7xx_hal_pcd_ex.c ****   * @brief  Activate LPM feature.
 121:../../Drivers/STM32H7xx_HAL_Driver/Src/stm32h7xx_hal_pcd_ex.c ****   * @param  hpcd PCD handle
 122:../../Drivers/STM32H7xx_HAL_Driver/Src/stm32h7xx_hal_pcd_ex.c ****   * @retval HAL status
 123:../../Drivers/STM32H7xx_HAL_Driver/Src/stm32h7xx_hal_pcd_ex.c ****   */
 124:../../Drivers/STM32H7xx_HAL_Driver/Src/stm32h7xx_hal_pcd_ex.c **** HAL_StatusTypeDef HAL_PCDEx_ActivateLPM(PCD_HandleTypeDef *hpcd)
 125:../../Drivers/STM32H7xx_HAL_Driver/Src/stm32h7xx_hal_pcd_ex.c **** {
 158              		.loc 1 125 1 is_stmt 1 view -0
 159              		.cfi_startproc
 160              		@ args = 0, pretend = 0, frame = 0
 161              		@ frame_needed = 0, uses_anonymous_args = 0
 162              		@ link register save eliminated.
 163              		.loc 1 125 1 is_stmt 0 view .LVU40
 164 0000 0346     		mov	r3, r0
 126:../../Drivers/STM32H7xx_HAL_Driver/Src/stm32h7xx_hal_pcd_ex.c ****   USB_OTG_GlobalTypeDef *USBx = hpcd->Instance;
 165              		.loc 1 126 3 is_stmt 1 view .LVU41
 166              		.loc 1 126 26 is_stmt 0 view .LVU42
 167 0002 0268     		ldr	r2, [r0]
 168              	.LVL14:
 127:../../Drivers/STM32H7xx_HAL_Driver/Src/stm32h7xx_hal_pcd_ex.c **** 
 128:../../Drivers/STM32H7xx_HAL_Driver/Src/stm32h7xx_hal_pcd_ex.c ****   hpcd->lpm_active = 1U;
 169              		.loc 1 128 3 is_stmt 1 view .LVU43
 170              		.loc 1 128 20 is_stmt 0 view .LVU44
 171 0004 0121     		movs	r1, #1
 172 0006 C0F80015 		str	r1, [r0, #1280]
 129:../../Drivers/STM32H7xx_HAL_Driver/Src/stm32h7xx_hal_pcd_ex.c ****   hpcd->LPM_State = LPM_L0;
 173              		.loc 1 129 3 is_stmt 1 view .LVU45
 174              		.loc 1 129 19 is_stmt 0 view .LVU46
 175 000a 0020     		movs	r0, #0
 176              	.LVL15:
 177              		.loc 1 129 19 view .LVU47
 178 000c 83F8F404 		strb	r0, [r3, #1268]
 130:../../Drivers/STM32H7xx_HAL_Driver/Src/stm32h7xx_hal_pcd_ex.c ****   USBx->GINTMSK |= USB_OTG_GINTMSK_LPMINTM;
 179              		.loc 1 130 3 is_stmt 1 view .LVU48
 180              		.loc 1 130 7 is_stmt 0 view .LVU49
 181 0010 9369     		ldr	r3, [r2, #24]
 182              	.LVL16:
 183              		.loc 1 130 17 view .LVU50
 184 0012 43F00063 		orr	r3, r3, #134217728
 185 0016 9361     		str	r3, [r2, #24]
 131:../../Drivers/STM32H7xx_HAL_Driver/Src/stm32h7xx_hal_pcd_ex.c ****   USBx->GLPMCFG |= (USB_OTG_GLPMCFG_LPMEN | USB_OTG_GLPMCFG_LPMACK | USB_OTG_GLPMCFG_ENBESL);
 186              		.loc 1 131 3 is_stmt 1 view .LVU51
 187              		.loc 1 131 7 is_stmt 0 view .LVU52
 188 0018 516D     		ldr	r1, [r2, #84]
 189              		.loc 1 131 17 view .LVU53
 190 001a 024B     		ldr	r3, .L9
 191 001c 0B43     		orrs	r3, r3, r1
 192 001e 5365     		str	r3, [r2, #84]
 132:../../Drivers/STM32H7xx_HAL_Driver/Src/stm32h7xx_hal_pcd_ex.c **** 
 133:../../Drivers/STM32H7xx_HAL_Driver/Src/stm32h7xx_hal_pcd_ex.c ****   return HAL_OK;
 193              		.loc 1 133 3 is_stmt 1 view .LVU54
 134:../../Drivers/STM32H7xx_HAL_Driver/Src/stm32h7xx_hal_pcd_ex.c **** }
 194              		.loc 1 134 1 is_stmt 0 view .LVU55
 195 0020 7047     		bx	lr
 196              	.L10:
ARM GAS  C:\Users\gigig\AppData\Local\Temp\ccCJDORm.s 			page 7


 197 0022 00BF     		.align	2
 198              	.L9:
 199 0024 03000010 		.word	268435459
 200              		.cfi_endproc
 201              	.LFE146:
 203              		.section	.text.HAL_PCDEx_DeActivateLPM,"ax",%progbits
 204              		.align	1
 205              		.global	HAL_PCDEx_DeActivateLPM
 206              		.syntax unified
 207              		.thumb
 208              		.thumb_func
 210              	HAL_PCDEx_DeActivateLPM:
 211              	.LVL17:
 212              	.LFB147:
 135:../../Drivers/STM32H7xx_HAL_Driver/Src/stm32h7xx_hal_pcd_ex.c **** 
 136:../../Drivers/STM32H7xx_HAL_Driver/Src/stm32h7xx_hal_pcd_ex.c **** /**
 137:../../Drivers/STM32H7xx_HAL_Driver/Src/stm32h7xx_hal_pcd_ex.c ****   * @brief  Deactivate LPM feature.
 138:../../Drivers/STM32H7xx_HAL_Driver/Src/stm32h7xx_hal_pcd_ex.c ****   * @param  hpcd PCD handle
 139:../../Drivers/STM32H7xx_HAL_Driver/Src/stm32h7xx_hal_pcd_ex.c ****   * @retval HAL status
 140:../../Drivers/STM32H7xx_HAL_Driver/Src/stm32h7xx_hal_pcd_ex.c ****   */
 141:../../Drivers/STM32H7xx_HAL_Driver/Src/stm32h7xx_hal_pcd_ex.c **** HAL_StatusTypeDef HAL_PCDEx_DeActivateLPM(PCD_HandleTypeDef *hpcd)
 142:../../Drivers/STM32H7xx_HAL_Driver/Src/stm32h7xx_hal_pcd_ex.c **** {
 213              		.loc 1 142 1 is_stmt 1 view -0
 214              		.cfi_startproc
 215              		@ args = 0, pretend = 0, frame = 0
 216              		@ frame_needed = 0, uses_anonymous_args = 0
 217              		@ link register save eliminated.
 218              		.loc 1 142 1 is_stmt 0 view .LVU57
 219 0000 0246     		mov	r2, r0
 143:../../Drivers/STM32H7xx_HAL_Driver/Src/stm32h7xx_hal_pcd_ex.c ****   USB_OTG_GlobalTypeDef *USBx = hpcd->Instance;
 220              		.loc 1 143 3 is_stmt 1 view .LVU58
 221              		.loc 1 143 26 is_stmt 0 view .LVU59
 222 0002 0368     		ldr	r3, [r0]
 223              	.LVL18:
 144:../../Drivers/STM32H7xx_HAL_Driver/Src/stm32h7xx_hal_pcd_ex.c **** 
 145:../../Drivers/STM32H7xx_HAL_Driver/Src/stm32h7xx_hal_pcd_ex.c ****   hpcd->lpm_active = 0U;
 224              		.loc 1 145 3 is_stmt 1 view .LVU60
 225              		.loc 1 145 20 is_stmt 0 view .LVU61
 226 0004 0020     		movs	r0, #0
 227              	.LVL19:
 228              		.loc 1 145 20 view .LVU62
 229 0006 C2F80005 		str	r0, [r2, #1280]
 146:../../Drivers/STM32H7xx_HAL_Driver/Src/stm32h7xx_hal_pcd_ex.c ****   USBx->GINTMSK &= ~USB_OTG_GINTMSK_LPMINTM;
 230              		.loc 1 146 3 is_stmt 1 view .LVU63
 231              		.loc 1 146 7 is_stmt 0 view .LVU64
 232 000a 9A69     		ldr	r2, [r3, #24]
 233              	.LVL20:
 234              		.loc 1 146 17 view .LVU65
 235 000c 22F00062 		bic	r2, r2, #134217728
 236 0010 9A61     		str	r2, [r3, #24]
 147:../../Drivers/STM32H7xx_HAL_Driver/Src/stm32h7xx_hal_pcd_ex.c ****   USBx->GLPMCFG &= ~(USB_OTG_GLPMCFG_LPMEN | USB_OTG_GLPMCFG_LPMACK | USB_OTG_GLPMCFG_ENBESL);
 237              		.loc 1 147 3 is_stmt 1 view .LVU66
 238              		.loc 1 147 7 is_stmt 0 view .LVU67
 239 0012 596D     		ldr	r1, [r3, #84]
 240              		.loc 1 147 17 view .LVU68
 241 0014 014A     		ldr	r2, .L12
 242 0016 0A40     		ands	r2, r2, r1
ARM GAS  C:\Users\gigig\AppData\Local\Temp\ccCJDORm.s 			page 8


 243 0018 5A65     		str	r2, [r3, #84]
 148:../../Drivers/STM32H7xx_HAL_Driver/Src/stm32h7xx_hal_pcd_ex.c **** 
 149:../../Drivers/STM32H7xx_HAL_Driver/Src/stm32h7xx_hal_pcd_ex.c ****   return HAL_OK;
 244              		.loc 1 149 3 is_stmt 1 view .LVU69
 150:../../Drivers/STM32H7xx_HAL_Driver/Src/stm32h7xx_hal_pcd_ex.c **** }
 245              		.loc 1 150 1 is_stmt 0 view .LVU70
 246 001a 7047     		bx	lr
 247              	.L13:
 248              		.align	2
 249              	.L12:
 250 001c FCFFFFEF 		.word	-268435460
 251              		.cfi_endproc
 252              	.LFE147:
 254              		.section	.text.HAL_PCDEx_ActivateBCD,"ax",%progbits
 255              		.align	1
 256              		.global	HAL_PCDEx_ActivateBCD
 257              		.syntax unified
 258              		.thumb
 259              		.thumb_func
 261              	HAL_PCDEx_ActivateBCD:
 262              	.LVL21:
 263              	.LFB149:
 151:../../Drivers/STM32H7xx_HAL_Driver/Src/stm32h7xx_hal_pcd_ex.c **** 
 152:../../Drivers/STM32H7xx_HAL_Driver/Src/stm32h7xx_hal_pcd_ex.c **** 
 153:../../Drivers/STM32H7xx_HAL_Driver/Src/stm32h7xx_hal_pcd_ex.c **** /**
 154:../../Drivers/STM32H7xx_HAL_Driver/Src/stm32h7xx_hal_pcd_ex.c ****   * @brief  Handle BatteryCharging Process.
 155:../../Drivers/STM32H7xx_HAL_Driver/Src/stm32h7xx_hal_pcd_ex.c ****   * @param  hpcd PCD handle
 156:../../Drivers/STM32H7xx_HAL_Driver/Src/stm32h7xx_hal_pcd_ex.c ****   * @retval HAL status
 157:../../Drivers/STM32H7xx_HAL_Driver/Src/stm32h7xx_hal_pcd_ex.c ****   */
 158:../../Drivers/STM32H7xx_HAL_Driver/Src/stm32h7xx_hal_pcd_ex.c **** void HAL_PCDEx_BCD_VBUSDetect(PCD_HandleTypeDef *hpcd)
 159:../../Drivers/STM32H7xx_HAL_Driver/Src/stm32h7xx_hal_pcd_ex.c **** {
 160:../../Drivers/STM32H7xx_HAL_Driver/Src/stm32h7xx_hal_pcd_ex.c ****   USB_OTG_GlobalTypeDef *USBx = hpcd->Instance;
 161:../../Drivers/STM32H7xx_HAL_Driver/Src/stm32h7xx_hal_pcd_ex.c ****   uint32_t tickstart = HAL_GetTick();
 162:../../Drivers/STM32H7xx_HAL_Driver/Src/stm32h7xx_hal_pcd_ex.c **** 
 163:../../Drivers/STM32H7xx_HAL_Driver/Src/stm32h7xx_hal_pcd_ex.c ****   /* Enable DCD : Data Contact Detect */
 164:../../Drivers/STM32H7xx_HAL_Driver/Src/stm32h7xx_hal_pcd_ex.c ****   USBx->GCCFG |= USB_OTG_GCCFG_DCDEN;
 165:../../Drivers/STM32H7xx_HAL_Driver/Src/stm32h7xx_hal_pcd_ex.c **** 
 166:../../Drivers/STM32H7xx_HAL_Driver/Src/stm32h7xx_hal_pcd_ex.c ****   /* Wait for Min DCD Timeout */
 167:../../Drivers/STM32H7xx_HAL_Driver/Src/stm32h7xx_hal_pcd_ex.c ****   HAL_Delay(300U);
 168:../../Drivers/STM32H7xx_HAL_Driver/Src/stm32h7xx_hal_pcd_ex.c **** 
 169:../../Drivers/STM32H7xx_HAL_Driver/Src/stm32h7xx_hal_pcd_ex.c ****   /* Check Detect flag */
 170:../../Drivers/STM32H7xx_HAL_Driver/Src/stm32h7xx_hal_pcd_ex.c ****   if ((USBx->GCCFG & USB_OTG_GCCFG_DCDET) == USB_OTG_GCCFG_DCDET)
 171:../../Drivers/STM32H7xx_HAL_Driver/Src/stm32h7xx_hal_pcd_ex.c ****   {
 172:../../Drivers/STM32H7xx_HAL_Driver/Src/stm32h7xx_hal_pcd_ex.c **** #if (USE_HAL_PCD_REGISTER_CALLBACKS == 1U)
 173:../../Drivers/STM32H7xx_HAL_Driver/Src/stm32h7xx_hal_pcd_ex.c ****     hpcd->BCDCallback(hpcd, PCD_BCD_CONTACT_DETECTION);
 174:../../Drivers/STM32H7xx_HAL_Driver/Src/stm32h7xx_hal_pcd_ex.c **** #else
 175:../../Drivers/STM32H7xx_HAL_Driver/Src/stm32h7xx_hal_pcd_ex.c ****     HAL_PCDEx_BCD_Callback(hpcd, PCD_BCD_CONTACT_DETECTION);
 176:../../Drivers/STM32H7xx_HAL_Driver/Src/stm32h7xx_hal_pcd_ex.c **** #endif /* USE_HAL_PCD_REGISTER_CALLBACKS */
 177:../../Drivers/STM32H7xx_HAL_Driver/Src/stm32h7xx_hal_pcd_ex.c ****   }
 178:../../Drivers/STM32H7xx_HAL_Driver/Src/stm32h7xx_hal_pcd_ex.c **** 
 179:../../Drivers/STM32H7xx_HAL_Driver/Src/stm32h7xx_hal_pcd_ex.c ****   /* Primary detection: checks if connected to Standard Downstream Port
 180:../../Drivers/STM32H7xx_HAL_Driver/Src/stm32h7xx_hal_pcd_ex.c ****   (without charging capability) */
 181:../../Drivers/STM32H7xx_HAL_Driver/Src/stm32h7xx_hal_pcd_ex.c ****   USBx->GCCFG &= ~ USB_OTG_GCCFG_DCDEN;
 182:../../Drivers/STM32H7xx_HAL_Driver/Src/stm32h7xx_hal_pcd_ex.c ****   HAL_Delay(50U);
 183:../../Drivers/STM32H7xx_HAL_Driver/Src/stm32h7xx_hal_pcd_ex.c ****   USBx->GCCFG |= USB_OTG_GCCFG_PDEN;
 184:../../Drivers/STM32H7xx_HAL_Driver/Src/stm32h7xx_hal_pcd_ex.c ****   HAL_Delay(50U);
 185:../../Drivers/STM32H7xx_HAL_Driver/Src/stm32h7xx_hal_pcd_ex.c **** 
ARM GAS  C:\Users\gigig\AppData\Local\Temp\ccCJDORm.s 			page 9


 186:../../Drivers/STM32H7xx_HAL_Driver/Src/stm32h7xx_hal_pcd_ex.c ****   if ((USBx->GCCFG & USB_OTG_GCCFG_PDET) == 0U)
 187:../../Drivers/STM32H7xx_HAL_Driver/Src/stm32h7xx_hal_pcd_ex.c ****   {
 188:../../Drivers/STM32H7xx_HAL_Driver/Src/stm32h7xx_hal_pcd_ex.c ****     /* Case of Standard Downstream Port */
 189:../../Drivers/STM32H7xx_HAL_Driver/Src/stm32h7xx_hal_pcd_ex.c **** #if (USE_HAL_PCD_REGISTER_CALLBACKS == 1U)
 190:../../Drivers/STM32H7xx_HAL_Driver/Src/stm32h7xx_hal_pcd_ex.c ****     hpcd->BCDCallback(hpcd, PCD_BCD_STD_DOWNSTREAM_PORT);
 191:../../Drivers/STM32H7xx_HAL_Driver/Src/stm32h7xx_hal_pcd_ex.c **** #else
 192:../../Drivers/STM32H7xx_HAL_Driver/Src/stm32h7xx_hal_pcd_ex.c ****     HAL_PCDEx_BCD_Callback(hpcd, PCD_BCD_STD_DOWNSTREAM_PORT);
 193:../../Drivers/STM32H7xx_HAL_Driver/Src/stm32h7xx_hal_pcd_ex.c **** #endif /* USE_HAL_PCD_REGISTER_CALLBACKS */
 194:../../Drivers/STM32H7xx_HAL_Driver/Src/stm32h7xx_hal_pcd_ex.c ****   }
 195:../../Drivers/STM32H7xx_HAL_Driver/Src/stm32h7xx_hal_pcd_ex.c ****   else
 196:../../Drivers/STM32H7xx_HAL_Driver/Src/stm32h7xx_hal_pcd_ex.c ****   {
 197:../../Drivers/STM32H7xx_HAL_Driver/Src/stm32h7xx_hal_pcd_ex.c ****     /* start secondary detection to check connection to Charging Downstream
 198:../../Drivers/STM32H7xx_HAL_Driver/Src/stm32h7xx_hal_pcd_ex.c ****     Port or Dedicated Charging Port */
 199:../../Drivers/STM32H7xx_HAL_Driver/Src/stm32h7xx_hal_pcd_ex.c ****     USBx->GCCFG &= ~(USB_OTG_GCCFG_PDEN);
 200:../../Drivers/STM32H7xx_HAL_Driver/Src/stm32h7xx_hal_pcd_ex.c ****     HAL_Delay(50U);
 201:../../Drivers/STM32H7xx_HAL_Driver/Src/stm32h7xx_hal_pcd_ex.c ****     USBx->GCCFG |= USB_OTG_GCCFG_SDEN;
 202:../../Drivers/STM32H7xx_HAL_Driver/Src/stm32h7xx_hal_pcd_ex.c ****     HAL_Delay(50U);
 203:../../Drivers/STM32H7xx_HAL_Driver/Src/stm32h7xx_hal_pcd_ex.c **** 
 204:../../Drivers/STM32H7xx_HAL_Driver/Src/stm32h7xx_hal_pcd_ex.c ****     if ((USBx->GCCFG & USB_OTG_GCCFG_SDET) == USB_OTG_GCCFG_SDET)
 205:../../Drivers/STM32H7xx_HAL_Driver/Src/stm32h7xx_hal_pcd_ex.c ****     {
 206:../../Drivers/STM32H7xx_HAL_Driver/Src/stm32h7xx_hal_pcd_ex.c ****       /* case Dedicated Charging Port  */
 207:../../Drivers/STM32H7xx_HAL_Driver/Src/stm32h7xx_hal_pcd_ex.c **** #if (USE_HAL_PCD_REGISTER_CALLBACKS == 1U)
 208:../../Drivers/STM32H7xx_HAL_Driver/Src/stm32h7xx_hal_pcd_ex.c ****       hpcd->BCDCallback(hpcd, PCD_BCD_DEDICATED_CHARGING_PORT);
 209:../../Drivers/STM32H7xx_HAL_Driver/Src/stm32h7xx_hal_pcd_ex.c **** #else
 210:../../Drivers/STM32H7xx_HAL_Driver/Src/stm32h7xx_hal_pcd_ex.c ****       HAL_PCDEx_BCD_Callback(hpcd, PCD_BCD_DEDICATED_CHARGING_PORT);
 211:../../Drivers/STM32H7xx_HAL_Driver/Src/stm32h7xx_hal_pcd_ex.c **** #endif /* USE_HAL_PCD_REGISTER_CALLBACKS */
 212:../../Drivers/STM32H7xx_HAL_Driver/Src/stm32h7xx_hal_pcd_ex.c ****     }
 213:../../Drivers/STM32H7xx_HAL_Driver/Src/stm32h7xx_hal_pcd_ex.c ****     else
 214:../../Drivers/STM32H7xx_HAL_Driver/Src/stm32h7xx_hal_pcd_ex.c ****     {
 215:../../Drivers/STM32H7xx_HAL_Driver/Src/stm32h7xx_hal_pcd_ex.c ****       /* case Charging Downstream Port */
 216:../../Drivers/STM32H7xx_HAL_Driver/Src/stm32h7xx_hal_pcd_ex.c **** #if (USE_HAL_PCD_REGISTER_CALLBACKS == 1U)
 217:../../Drivers/STM32H7xx_HAL_Driver/Src/stm32h7xx_hal_pcd_ex.c ****       hpcd->BCDCallback(hpcd, PCD_BCD_CHARGING_DOWNSTREAM_PORT);
 218:../../Drivers/STM32H7xx_HAL_Driver/Src/stm32h7xx_hal_pcd_ex.c **** #else
 219:../../Drivers/STM32H7xx_HAL_Driver/Src/stm32h7xx_hal_pcd_ex.c ****       HAL_PCDEx_BCD_Callback(hpcd, PCD_BCD_CHARGING_DOWNSTREAM_PORT);
 220:../../Drivers/STM32H7xx_HAL_Driver/Src/stm32h7xx_hal_pcd_ex.c **** #endif /* USE_HAL_PCD_REGISTER_CALLBACKS */
 221:../../Drivers/STM32H7xx_HAL_Driver/Src/stm32h7xx_hal_pcd_ex.c ****     }
 222:../../Drivers/STM32H7xx_HAL_Driver/Src/stm32h7xx_hal_pcd_ex.c ****   }
 223:../../Drivers/STM32H7xx_HAL_Driver/Src/stm32h7xx_hal_pcd_ex.c **** 
 224:../../Drivers/STM32H7xx_HAL_Driver/Src/stm32h7xx_hal_pcd_ex.c ****   /* Battery Charging capability discovery finished */
 225:../../Drivers/STM32H7xx_HAL_Driver/Src/stm32h7xx_hal_pcd_ex.c ****   (void)HAL_PCDEx_DeActivateBCD(hpcd);
 226:../../Drivers/STM32H7xx_HAL_Driver/Src/stm32h7xx_hal_pcd_ex.c **** 
 227:../../Drivers/STM32H7xx_HAL_Driver/Src/stm32h7xx_hal_pcd_ex.c ****   /* Check for the Timeout, else start USB Device */
 228:../../Drivers/STM32H7xx_HAL_Driver/Src/stm32h7xx_hal_pcd_ex.c ****   if ((HAL_GetTick() - tickstart) > 1000U)
 229:../../Drivers/STM32H7xx_HAL_Driver/Src/stm32h7xx_hal_pcd_ex.c ****   {
 230:../../Drivers/STM32H7xx_HAL_Driver/Src/stm32h7xx_hal_pcd_ex.c **** #if (USE_HAL_PCD_REGISTER_CALLBACKS == 1U)
 231:../../Drivers/STM32H7xx_HAL_Driver/Src/stm32h7xx_hal_pcd_ex.c ****     hpcd->BCDCallback(hpcd, PCD_BCD_ERROR);
 232:../../Drivers/STM32H7xx_HAL_Driver/Src/stm32h7xx_hal_pcd_ex.c **** #else
 233:../../Drivers/STM32H7xx_HAL_Driver/Src/stm32h7xx_hal_pcd_ex.c ****     HAL_PCDEx_BCD_Callback(hpcd, PCD_BCD_ERROR);
 234:../../Drivers/STM32H7xx_HAL_Driver/Src/stm32h7xx_hal_pcd_ex.c **** #endif /* USE_HAL_PCD_REGISTER_CALLBACKS */
 235:../../Drivers/STM32H7xx_HAL_Driver/Src/stm32h7xx_hal_pcd_ex.c ****   }
 236:../../Drivers/STM32H7xx_HAL_Driver/Src/stm32h7xx_hal_pcd_ex.c ****   else
 237:../../Drivers/STM32H7xx_HAL_Driver/Src/stm32h7xx_hal_pcd_ex.c ****   {
 238:../../Drivers/STM32H7xx_HAL_Driver/Src/stm32h7xx_hal_pcd_ex.c **** #if (USE_HAL_PCD_REGISTER_CALLBACKS == 1U)
 239:../../Drivers/STM32H7xx_HAL_Driver/Src/stm32h7xx_hal_pcd_ex.c ****     hpcd->BCDCallback(hpcd, PCD_BCD_DISCOVERY_COMPLETED);
 240:../../Drivers/STM32H7xx_HAL_Driver/Src/stm32h7xx_hal_pcd_ex.c **** #else
 241:../../Drivers/STM32H7xx_HAL_Driver/Src/stm32h7xx_hal_pcd_ex.c ****     HAL_PCDEx_BCD_Callback(hpcd, PCD_BCD_DISCOVERY_COMPLETED);
 242:../../Drivers/STM32H7xx_HAL_Driver/Src/stm32h7xx_hal_pcd_ex.c **** #endif /* USE_HAL_PCD_REGISTER_CALLBACKS */
ARM GAS  C:\Users\gigig\AppData\Local\Temp\ccCJDORm.s 			page 10


 243:../../Drivers/STM32H7xx_HAL_Driver/Src/stm32h7xx_hal_pcd_ex.c ****   }
 244:../../Drivers/STM32H7xx_HAL_Driver/Src/stm32h7xx_hal_pcd_ex.c **** }
 245:../../Drivers/STM32H7xx_HAL_Driver/Src/stm32h7xx_hal_pcd_ex.c **** 
 246:../../Drivers/STM32H7xx_HAL_Driver/Src/stm32h7xx_hal_pcd_ex.c **** /**
 247:../../Drivers/STM32H7xx_HAL_Driver/Src/stm32h7xx_hal_pcd_ex.c ****   * @brief  Activate BatteryCharging feature.
 248:../../Drivers/STM32H7xx_HAL_Driver/Src/stm32h7xx_hal_pcd_ex.c ****   * @param  hpcd PCD handle
 249:../../Drivers/STM32H7xx_HAL_Driver/Src/stm32h7xx_hal_pcd_ex.c ****   * @retval HAL status
 250:../../Drivers/STM32H7xx_HAL_Driver/Src/stm32h7xx_hal_pcd_ex.c ****   */
 251:../../Drivers/STM32H7xx_HAL_Driver/Src/stm32h7xx_hal_pcd_ex.c **** HAL_StatusTypeDef HAL_PCDEx_ActivateBCD(PCD_HandleTypeDef *hpcd)
 252:../../Drivers/STM32H7xx_HAL_Driver/Src/stm32h7xx_hal_pcd_ex.c **** {
 264              		.loc 1 252 1 is_stmt 1 view -0
 265              		.cfi_startproc
 266              		@ args = 0, pretend = 0, frame = 0
 267              		@ frame_needed = 0, uses_anonymous_args = 0
 268              		@ link register save eliminated.
 253:../../Drivers/STM32H7xx_HAL_Driver/Src/stm32h7xx_hal_pcd_ex.c ****   USB_OTG_GlobalTypeDef *USBx = hpcd->Instance;
 269              		.loc 1 253 3 view .LVU72
 270              		.loc 1 253 26 is_stmt 0 view .LVU73
 271 0000 0368     		ldr	r3, [r0]
 272              	.LVL22:
 254:../../Drivers/STM32H7xx_HAL_Driver/Src/stm32h7xx_hal_pcd_ex.c **** 
 255:../../Drivers/STM32H7xx_HAL_Driver/Src/stm32h7xx_hal_pcd_ex.c ****   USBx->GCCFG &= ~(USB_OTG_GCCFG_PDEN);
 273              		.loc 1 255 3 is_stmt 1 view .LVU74
 274              		.loc 1 255 7 is_stmt 0 view .LVU75
 275 0002 9A6B     		ldr	r2, [r3, #56]
 276              		.loc 1 255 15 view .LVU76
 277 0004 22F40022 		bic	r2, r2, #524288
 278 0008 9A63     		str	r2, [r3, #56]
 256:../../Drivers/STM32H7xx_HAL_Driver/Src/stm32h7xx_hal_pcd_ex.c ****   USBx->GCCFG &= ~(USB_OTG_GCCFG_SDEN);
 279              		.loc 1 256 3 is_stmt 1 view .LVU77
 280              		.loc 1 256 7 is_stmt 0 view .LVU78
 281 000a 9A6B     		ldr	r2, [r3, #56]
 282              		.loc 1 256 15 view .LVU79
 283 000c 22F48012 		bic	r2, r2, #1048576
 284 0010 9A63     		str	r2, [r3, #56]
 257:../../Drivers/STM32H7xx_HAL_Driver/Src/stm32h7xx_hal_pcd_ex.c **** 
 258:../../Drivers/STM32H7xx_HAL_Driver/Src/stm32h7xx_hal_pcd_ex.c ****   /* Power Down USB transceiver  */
 259:../../Drivers/STM32H7xx_HAL_Driver/Src/stm32h7xx_hal_pcd_ex.c ****   USBx->GCCFG &= ~(USB_OTG_GCCFG_PWRDWN);
 285              		.loc 1 259 3 is_stmt 1 view .LVU80
 286              		.loc 1 259 7 is_stmt 0 view .LVU81
 287 0012 9A6B     		ldr	r2, [r3, #56]
 288              		.loc 1 259 15 view .LVU82
 289 0014 22F48032 		bic	r2, r2, #65536
 290 0018 9A63     		str	r2, [r3, #56]
 260:../../Drivers/STM32H7xx_HAL_Driver/Src/stm32h7xx_hal_pcd_ex.c **** 
 261:../../Drivers/STM32H7xx_HAL_Driver/Src/stm32h7xx_hal_pcd_ex.c ****   /* Enable Battery charging */
 262:../../Drivers/STM32H7xx_HAL_Driver/Src/stm32h7xx_hal_pcd_ex.c ****   USBx->GCCFG |= USB_OTG_GCCFG_BCDEN;
 291              		.loc 1 262 3 is_stmt 1 view .LVU83
 292              		.loc 1 262 7 is_stmt 0 view .LVU84
 293 001a 9A6B     		ldr	r2, [r3, #56]
 294              		.loc 1 262 15 view .LVU85
 295 001c 42F40032 		orr	r2, r2, #131072
 296 0020 9A63     		str	r2, [r3, #56]
 263:../../Drivers/STM32H7xx_HAL_Driver/Src/stm32h7xx_hal_pcd_ex.c **** 
 264:../../Drivers/STM32H7xx_HAL_Driver/Src/stm32h7xx_hal_pcd_ex.c ****   hpcd->battery_charging_active = 1U;
 297              		.loc 1 264 3 is_stmt 1 view .LVU86
 298              		.loc 1 264 33 is_stmt 0 view .LVU87
ARM GAS  C:\Users\gigig\AppData\Local\Temp\ccCJDORm.s 			page 11


 299 0022 0123     		movs	r3, #1
 300              	.LVL23:
 301              		.loc 1 264 33 view .LVU88
 302 0024 C0F80435 		str	r3, [r0, #1284]
 265:../../Drivers/STM32H7xx_HAL_Driver/Src/stm32h7xx_hal_pcd_ex.c **** 
 266:../../Drivers/STM32H7xx_HAL_Driver/Src/stm32h7xx_hal_pcd_ex.c ****   return HAL_OK;
 303              		.loc 1 266 3 is_stmt 1 view .LVU89
 267:../../Drivers/STM32H7xx_HAL_Driver/Src/stm32h7xx_hal_pcd_ex.c **** }
 304              		.loc 1 267 1 is_stmt 0 view .LVU90
 305 0028 0020     		movs	r0, #0
 306              	.LVL24:
 307              		.loc 1 267 1 view .LVU91
 308 002a 7047     		bx	lr
 309              		.cfi_endproc
 310              	.LFE149:
 312              		.section	.text.HAL_PCDEx_DeActivateBCD,"ax",%progbits
 313              		.align	1
 314              		.global	HAL_PCDEx_DeActivateBCD
 315              		.syntax unified
 316              		.thumb
 317              		.thumb_func
 319              	HAL_PCDEx_DeActivateBCD:
 320              	.LVL25:
 321              	.LFB150:
 268:../../Drivers/STM32H7xx_HAL_Driver/Src/stm32h7xx_hal_pcd_ex.c **** 
 269:../../Drivers/STM32H7xx_HAL_Driver/Src/stm32h7xx_hal_pcd_ex.c **** /**
 270:../../Drivers/STM32H7xx_HAL_Driver/Src/stm32h7xx_hal_pcd_ex.c ****   * @brief  Deactivate BatteryCharging feature.
 271:../../Drivers/STM32H7xx_HAL_Driver/Src/stm32h7xx_hal_pcd_ex.c ****   * @param  hpcd PCD handle
 272:../../Drivers/STM32H7xx_HAL_Driver/Src/stm32h7xx_hal_pcd_ex.c ****   * @retval HAL status
 273:../../Drivers/STM32H7xx_HAL_Driver/Src/stm32h7xx_hal_pcd_ex.c ****   */
 274:../../Drivers/STM32H7xx_HAL_Driver/Src/stm32h7xx_hal_pcd_ex.c **** HAL_StatusTypeDef HAL_PCDEx_DeActivateBCD(PCD_HandleTypeDef *hpcd)
 275:../../Drivers/STM32H7xx_HAL_Driver/Src/stm32h7xx_hal_pcd_ex.c **** {
 322              		.loc 1 275 1 is_stmt 1 view -0
 323              		.cfi_startproc
 324              		@ args = 0, pretend = 0, frame = 0
 325              		@ frame_needed = 0, uses_anonymous_args = 0
 326              		@ link register save eliminated.
 327              		.loc 1 275 1 is_stmt 0 view .LVU93
 328 0000 0246     		mov	r2, r0
 276:../../Drivers/STM32H7xx_HAL_Driver/Src/stm32h7xx_hal_pcd_ex.c ****   USB_OTG_GlobalTypeDef *USBx = hpcd->Instance;
 329              		.loc 1 276 3 is_stmt 1 view .LVU94
 330              		.loc 1 276 26 is_stmt 0 view .LVU95
 331 0002 0368     		ldr	r3, [r0]
 332              	.LVL26:
 277:../../Drivers/STM32H7xx_HAL_Driver/Src/stm32h7xx_hal_pcd_ex.c **** 
 278:../../Drivers/STM32H7xx_HAL_Driver/Src/stm32h7xx_hal_pcd_ex.c ****   USBx->GCCFG &= ~(USB_OTG_GCCFG_SDEN);
 333              		.loc 1 278 3 is_stmt 1 view .LVU96
 334              		.loc 1 278 7 is_stmt 0 view .LVU97
 335 0004 996B     		ldr	r1, [r3, #56]
 336              		.loc 1 278 15 view .LVU98
 337 0006 21F48011 		bic	r1, r1, #1048576
 338 000a 9963     		str	r1, [r3, #56]
 279:../../Drivers/STM32H7xx_HAL_Driver/Src/stm32h7xx_hal_pcd_ex.c ****   USBx->GCCFG &= ~(USB_OTG_GCCFG_PDEN);
 339              		.loc 1 279 3 is_stmt 1 view .LVU99
 340              		.loc 1 279 7 is_stmt 0 view .LVU100
 341 000c 996B     		ldr	r1, [r3, #56]
 342              		.loc 1 279 15 view .LVU101
ARM GAS  C:\Users\gigig\AppData\Local\Temp\ccCJDORm.s 			page 12


 343 000e 21F40021 		bic	r1, r1, #524288
 344 0012 9963     		str	r1, [r3, #56]
 280:../../Drivers/STM32H7xx_HAL_Driver/Src/stm32h7xx_hal_pcd_ex.c **** 
 281:../../Drivers/STM32H7xx_HAL_Driver/Src/stm32h7xx_hal_pcd_ex.c ****   /* Disable Battery charging */
 282:../../Drivers/STM32H7xx_HAL_Driver/Src/stm32h7xx_hal_pcd_ex.c ****   USBx->GCCFG &= ~(USB_OTG_GCCFG_BCDEN);
 345              		.loc 1 282 3 is_stmt 1 view .LVU102
 346              		.loc 1 282 7 is_stmt 0 view .LVU103
 347 0014 996B     		ldr	r1, [r3, #56]
 348              		.loc 1 282 15 view .LVU104
 349 0016 21F40031 		bic	r1, r1, #131072
 350 001a 9963     		str	r1, [r3, #56]
 283:../../Drivers/STM32H7xx_HAL_Driver/Src/stm32h7xx_hal_pcd_ex.c **** 
 284:../../Drivers/STM32H7xx_HAL_Driver/Src/stm32h7xx_hal_pcd_ex.c ****   hpcd->battery_charging_active = 0U;
 351              		.loc 1 284 3 is_stmt 1 view .LVU105
 352              		.loc 1 284 33 is_stmt 0 view .LVU106
 353 001c 0020     		movs	r0, #0
 354              	.LVL27:
 355              		.loc 1 284 33 view .LVU107
 356 001e C2F80405 		str	r0, [r2, #1284]
 285:../../Drivers/STM32H7xx_HAL_Driver/Src/stm32h7xx_hal_pcd_ex.c **** 
 286:../../Drivers/STM32H7xx_HAL_Driver/Src/stm32h7xx_hal_pcd_ex.c ****   return HAL_OK;
 357              		.loc 1 286 3 is_stmt 1 view .LVU108
 287:../../Drivers/STM32H7xx_HAL_Driver/Src/stm32h7xx_hal_pcd_ex.c **** }
 358              		.loc 1 287 1 is_stmt 0 view .LVU109
 359 0022 7047     		bx	lr
 360              		.cfi_endproc
 361              	.LFE150:
 363              		.section	.text.HAL_PCDEx_LPM_Callback,"ax",%progbits
 364              		.align	1
 365              		.weak	HAL_PCDEx_LPM_Callback
 366              		.syntax unified
 367              		.thumb
 368              		.thumb_func
 370              	HAL_PCDEx_LPM_Callback:
 371              	.LVL28:
 372              	.LFB151:
 288:../../Drivers/STM32H7xx_HAL_Driver/Src/stm32h7xx_hal_pcd_ex.c **** 
 289:../../Drivers/STM32H7xx_HAL_Driver/Src/stm32h7xx_hal_pcd_ex.c **** #endif /* defined (USB_OTG_FS) || defined (USB_OTG_HS) */
 290:../../Drivers/STM32H7xx_HAL_Driver/Src/stm32h7xx_hal_pcd_ex.c **** 
 291:../../Drivers/STM32H7xx_HAL_Driver/Src/stm32h7xx_hal_pcd_ex.c **** /**
 292:../../Drivers/STM32H7xx_HAL_Driver/Src/stm32h7xx_hal_pcd_ex.c ****   * @brief  Send LPM message to user layer callback.
 293:../../Drivers/STM32H7xx_HAL_Driver/Src/stm32h7xx_hal_pcd_ex.c ****   * @param  hpcd PCD handle
 294:../../Drivers/STM32H7xx_HAL_Driver/Src/stm32h7xx_hal_pcd_ex.c ****   * @param  msg LPM message
 295:../../Drivers/STM32H7xx_HAL_Driver/Src/stm32h7xx_hal_pcd_ex.c ****   * @retval HAL status
 296:../../Drivers/STM32H7xx_HAL_Driver/Src/stm32h7xx_hal_pcd_ex.c ****   */
 297:../../Drivers/STM32H7xx_HAL_Driver/Src/stm32h7xx_hal_pcd_ex.c **** __weak void HAL_PCDEx_LPM_Callback(PCD_HandleTypeDef *hpcd, PCD_LPM_MsgTypeDef msg)
 298:../../Drivers/STM32H7xx_HAL_Driver/Src/stm32h7xx_hal_pcd_ex.c **** {
 373              		.loc 1 298 1 is_stmt 1 view -0
 374              		.cfi_startproc
 375              		@ args = 0, pretend = 0, frame = 0
 376              		@ frame_needed = 0, uses_anonymous_args = 0
 377              		@ link register save eliminated.
 299:../../Drivers/STM32H7xx_HAL_Driver/Src/stm32h7xx_hal_pcd_ex.c ****   /* Prevent unused argument(s) compilation warning */
 300:../../Drivers/STM32H7xx_HAL_Driver/Src/stm32h7xx_hal_pcd_ex.c ****   UNUSED(hpcd);
 378              		.loc 1 300 3 view .LVU111
 301:../../Drivers/STM32H7xx_HAL_Driver/Src/stm32h7xx_hal_pcd_ex.c ****   UNUSED(msg);
 379              		.loc 1 301 3 view .LVU112
ARM GAS  C:\Users\gigig\AppData\Local\Temp\ccCJDORm.s 			page 13


 302:../../Drivers/STM32H7xx_HAL_Driver/Src/stm32h7xx_hal_pcd_ex.c **** 
 303:../../Drivers/STM32H7xx_HAL_Driver/Src/stm32h7xx_hal_pcd_ex.c ****   /* NOTE : This function should not be modified, when the callback is needed,
 304:../../Drivers/STM32H7xx_HAL_Driver/Src/stm32h7xx_hal_pcd_ex.c ****             the HAL_PCDEx_LPM_Callback could be implemented in the user file
 305:../../Drivers/STM32H7xx_HAL_Driver/Src/stm32h7xx_hal_pcd_ex.c ****    */
 306:../../Drivers/STM32H7xx_HAL_Driver/Src/stm32h7xx_hal_pcd_ex.c **** }
 380              		.loc 1 306 1 is_stmt 0 view .LVU113
 381 0000 7047     		bx	lr
 382              		.cfi_endproc
 383              	.LFE151:
 385              		.section	.text.HAL_PCDEx_BCD_Callback,"ax",%progbits
 386              		.align	1
 387              		.weak	HAL_PCDEx_BCD_Callback
 388              		.syntax unified
 389              		.thumb
 390              		.thumb_func
 392              	HAL_PCDEx_BCD_Callback:
 393              	.LVL29:
 394              	.LFB152:
 307:../../Drivers/STM32H7xx_HAL_Driver/Src/stm32h7xx_hal_pcd_ex.c **** 
 308:../../Drivers/STM32H7xx_HAL_Driver/Src/stm32h7xx_hal_pcd_ex.c **** /**
 309:../../Drivers/STM32H7xx_HAL_Driver/Src/stm32h7xx_hal_pcd_ex.c ****   * @brief  Send BatteryCharging message to user layer callback.
 310:../../Drivers/STM32H7xx_HAL_Driver/Src/stm32h7xx_hal_pcd_ex.c ****   * @param  hpcd PCD handle
 311:../../Drivers/STM32H7xx_HAL_Driver/Src/stm32h7xx_hal_pcd_ex.c ****   * @param  msg LPM message
 312:../../Drivers/STM32H7xx_HAL_Driver/Src/stm32h7xx_hal_pcd_ex.c ****   * @retval HAL status
 313:../../Drivers/STM32H7xx_HAL_Driver/Src/stm32h7xx_hal_pcd_ex.c ****   */
 314:../../Drivers/STM32H7xx_HAL_Driver/Src/stm32h7xx_hal_pcd_ex.c **** __weak void HAL_PCDEx_BCD_Callback(PCD_HandleTypeDef *hpcd, PCD_BCD_MsgTypeDef msg)
 315:../../Drivers/STM32H7xx_HAL_Driver/Src/stm32h7xx_hal_pcd_ex.c **** {
 395              		.loc 1 315 1 is_stmt 1 view -0
 396              		.cfi_startproc
 397              		@ args = 0, pretend = 0, frame = 0
 398              		@ frame_needed = 0, uses_anonymous_args = 0
 399              		@ link register save eliminated.
 316:../../Drivers/STM32H7xx_HAL_Driver/Src/stm32h7xx_hal_pcd_ex.c ****   /* Prevent unused argument(s) compilation warning */
 317:../../Drivers/STM32H7xx_HAL_Driver/Src/stm32h7xx_hal_pcd_ex.c ****   UNUSED(hpcd);
 400              		.loc 1 317 3 view .LVU115
 318:../../Drivers/STM32H7xx_HAL_Driver/Src/stm32h7xx_hal_pcd_ex.c ****   UNUSED(msg);
 401              		.loc 1 318 3 view .LVU116
 319:../../Drivers/STM32H7xx_HAL_Driver/Src/stm32h7xx_hal_pcd_ex.c **** 
 320:../../Drivers/STM32H7xx_HAL_Driver/Src/stm32h7xx_hal_pcd_ex.c ****   /* NOTE : This function should not be modified, when the callback is needed,
 321:../../Drivers/STM32H7xx_HAL_Driver/Src/stm32h7xx_hal_pcd_ex.c ****             the HAL_PCDEx_BCD_Callback could be implemented in the user file
 322:../../Drivers/STM32H7xx_HAL_Driver/Src/stm32h7xx_hal_pcd_ex.c ****    */
 323:../../Drivers/STM32H7xx_HAL_Driver/Src/stm32h7xx_hal_pcd_ex.c **** }
 402              		.loc 1 323 1 is_stmt 0 view .LVU117
 403 0000 7047     		bx	lr
 404              		.cfi_endproc
 405              	.LFE152:
 407              		.section	.text.HAL_PCDEx_BCD_VBUSDetect,"ax",%progbits
 408              		.align	1
 409              		.global	HAL_PCDEx_BCD_VBUSDetect
 410              		.syntax unified
 411              		.thumb
 412              		.thumb_func
 414              	HAL_PCDEx_BCD_VBUSDetect:
 415              	.LVL30:
 416              	.LFB148:
 159:../../Drivers/STM32H7xx_HAL_Driver/Src/stm32h7xx_hal_pcd_ex.c ****   USB_OTG_GlobalTypeDef *USBx = hpcd->Instance;
 417              		.loc 1 159 1 is_stmt 1 view -0
ARM GAS  C:\Users\gigig\AppData\Local\Temp\ccCJDORm.s 			page 14


 418              		.cfi_startproc
 419              		@ args = 0, pretend = 0, frame = 0
 420              		@ frame_needed = 0, uses_anonymous_args = 0
 159:../../Drivers/STM32H7xx_HAL_Driver/Src/stm32h7xx_hal_pcd_ex.c ****   USB_OTG_GlobalTypeDef *USBx = hpcd->Instance;
 421              		.loc 1 159 1 is_stmt 0 view .LVU119
 422 0000 70B5     		push	{r4, r5, r6, lr}
 423              	.LCFI3:
 424              		.cfi_def_cfa_offset 16
 425              		.cfi_offset 4, -16
 426              		.cfi_offset 5, -12
 427              		.cfi_offset 6, -8
 428              		.cfi_offset 14, -4
 429 0002 0546     		mov	r5, r0
 160:../../Drivers/STM32H7xx_HAL_Driver/Src/stm32h7xx_hal_pcd_ex.c ****   uint32_t tickstart = HAL_GetTick();
 430              		.loc 1 160 3 is_stmt 1 view .LVU120
 160:../../Drivers/STM32H7xx_HAL_Driver/Src/stm32h7xx_hal_pcd_ex.c ****   uint32_t tickstart = HAL_GetTick();
 431              		.loc 1 160 26 is_stmt 0 view .LVU121
 432 0004 0468     		ldr	r4, [r0]
 433              	.LVL31:
 161:../../Drivers/STM32H7xx_HAL_Driver/Src/stm32h7xx_hal_pcd_ex.c **** 
 434              		.loc 1 161 3 is_stmt 1 view .LVU122
 161:../../Drivers/STM32H7xx_HAL_Driver/Src/stm32h7xx_hal_pcd_ex.c **** 
 435              		.loc 1 161 24 is_stmt 0 view .LVU123
 436 0006 FFF7FEFF 		bl	HAL_GetTick
 437              	.LVL32:
 161:../../Drivers/STM32H7xx_HAL_Driver/Src/stm32h7xx_hal_pcd_ex.c **** 
 438              		.loc 1 161 24 view .LVU124
 439 000a 0646     		mov	r6, r0
 440              	.LVL33:
 164:../../Drivers/STM32H7xx_HAL_Driver/Src/stm32h7xx_hal_pcd_ex.c **** 
 441              		.loc 1 164 3 is_stmt 1 view .LVU125
 164:../../Drivers/STM32H7xx_HAL_Driver/Src/stm32h7xx_hal_pcd_ex.c **** 
 442              		.loc 1 164 7 is_stmt 0 view .LVU126
 443 000c A36B     		ldr	r3, [r4, #56]
 164:../../Drivers/STM32H7xx_HAL_Driver/Src/stm32h7xx_hal_pcd_ex.c **** 
 444              		.loc 1 164 15 view .LVU127
 445 000e 43F48023 		orr	r3, r3, #262144
 446 0012 A363     		str	r3, [r4, #56]
 167:../../Drivers/STM32H7xx_HAL_Driver/Src/stm32h7xx_hal_pcd_ex.c **** 
 447              		.loc 1 167 3 is_stmt 1 view .LVU128
 448 0014 4FF49670 		mov	r0, #300
 449              	.LVL34:
 167:../../Drivers/STM32H7xx_HAL_Driver/Src/stm32h7xx_hal_pcd_ex.c **** 
 450              		.loc 1 167 3 is_stmt 0 view .LVU129
 451 0018 FFF7FEFF 		bl	HAL_Delay
 452              	.LVL35:
 170:../../Drivers/STM32H7xx_HAL_Driver/Src/stm32h7xx_hal_pcd_ex.c ****   {
 453              		.loc 1 170 3 is_stmt 1 view .LVU130
 170:../../Drivers/STM32H7xx_HAL_Driver/Src/stm32h7xx_hal_pcd_ex.c ****   {
 454              		.loc 1 170 12 is_stmt 0 view .LVU131
 455 001c A36B     		ldr	r3, [r4, #56]
 170:../../Drivers/STM32H7xx_HAL_Driver/Src/stm32h7xx_hal_pcd_ex.c ****   {
 456              		.loc 1 170 6 view .LVU132
 457 001e 13F0010F 		tst	r3, #1
 458 0022 23D1     		bne	.L26
 459              	.L19:
 181:../../Drivers/STM32H7xx_HAL_Driver/Src/stm32h7xx_hal_pcd_ex.c ****   HAL_Delay(50U);
ARM GAS  C:\Users\gigig\AppData\Local\Temp\ccCJDORm.s 			page 15


 460              		.loc 1 181 3 is_stmt 1 view .LVU133
 181:../../Drivers/STM32H7xx_HAL_Driver/Src/stm32h7xx_hal_pcd_ex.c ****   HAL_Delay(50U);
 461              		.loc 1 181 7 is_stmt 0 view .LVU134
 462 0024 A36B     		ldr	r3, [r4, #56]
 181:../../Drivers/STM32H7xx_HAL_Driver/Src/stm32h7xx_hal_pcd_ex.c ****   HAL_Delay(50U);
 463              		.loc 1 181 15 view .LVU135
 464 0026 23F48023 		bic	r3, r3, #262144
 465 002a A363     		str	r3, [r4, #56]
 182:../../Drivers/STM32H7xx_HAL_Driver/Src/stm32h7xx_hal_pcd_ex.c ****   USBx->GCCFG |= USB_OTG_GCCFG_PDEN;
 466              		.loc 1 182 3 is_stmt 1 view .LVU136
 467 002c 3220     		movs	r0, #50
 468 002e FFF7FEFF 		bl	HAL_Delay
 469              	.LVL36:
 183:../../Drivers/STM32H7xx_HAL_Driver/Src/stm32h7xx_hal_pcd_ex.c ****   HAL_Delay(50U);
 470              		.loc 1 183 3 view .LVU137
 183:../../Drivers/STM32H7xx_HAL_Driver/Src/stm32h7xx_hal_pcd_ex.c ****   HAL_Delay(50U);
 471              		.loc 1 183 7 is_stmt 0 view .LVU138
 472 0032 A36B     		ldr	r3, [r4, #56]
 183:../../Drivers/STM32H7xx_HAL_Driver/Src/stm32h7xx_hal_pcd_ex.c ****   HAL_Delay(50U);
 473              		.loc 1 183 15 view .LVU139
 474 0034 43F40023 		orr	r3, r3, #524288
 475 0038 A363     		str	r3, [r4, #56]
 184:../../Drivers/STM32H7xx_HAL_Driver/Src/stm32h7xx_hal_pcd_ex.c **** 
 476              		.loc 1 184 3 is_stmt 1 view .LVU140
 477 003a 3220     		movs	r0, #50
 478 003c FFF7FEFF 		bl	HAL_Delay
 479              	.LVL37:
 186:../../Drivers/STM32H7xx_HAL_Driver/Src/stm32h7xx_hal_pcd_ex.c ****   {
 480              		.loc 1 186 3 view .LVU141
 186:../../Drivers/STM32H7xx_HAL_Driver/Src/stm32h7xx_hal_pcd_ex.c ****   {
 481              		.loc 1 186 12 is_stmt 0 view .LVU142
 482 0040 A36B     		ldr	r3, [r4, #56]
 186:../../Drivers/STM32H7xx_HAL_Driver/Src/stm32h7xx_hal_pcd_ex.c ****   {
 483              		.loc 1 186 6 view .LVU143
 484 0042 13F0020F 		tst	r3, #2
 485 0046 16D1     		bne	.L20
 192:../../Drivers/STM32H7xx_HAL_Driver/Src/stm32h7xx_hal_pcd_ex.c **** #endif /* USE_HAL_PCD_REGISTER_CALLBACKS */
 486              		.loc 1 192 5 is_stmt 1 view .LVU144
 487 0048 FD21     		movs	r1, #253
 488 004a 2846     		mov	r0, r5
 489 004c FFF7FEFF 		bl	HAL_PCDEx_BCD_Callback
 490              	.LVL38:
 491              	.L21:
 225:../../Drivers/STM32H7xx_HAL_Driver/Src/stm32h7xx_hal_pcd_ex.c **** 
 492              		.loc 1 225 3 view .LVU145
 225:../../Drivers/STM32H7xx_HAL_Driver/Src/stm32h7xx_hal_pcd_ex.c **** 
 493              		.loc 1 225 9 is_stmt 0 view .LVU146
 494 0050 2846     		mov	r0, r5
 495 0052 FFF7FEFF 		bl	HAL_PCDEx_DeActivateBCD
 496              	.LVL39:
 228:../../Drivers/STM32H7xx_HAL_Driver/Src/stm32h7xx_hal_pcd_ex.c ****   {
 497              		.loc 1 228 3 is_stmt 1 view .LVU147
 228:../../Drivers/STM32H7xx_HAL_Driver/Src/stm32h7xx_hal_pcd_ex.c ****   {
 498              		.loc 1 228 8 is_stmt 0 view .LVU148
 499 0056 FFF7FEFF 		bl	HAL_GetTick
 500              	.LVL40:
 228:../../Drivers/STM32H7xx_HAL_Driver/Src/stm32h7xx_hal_pcd_ex.c ****   {
ARM GAS  C:\Users\gigig\AppData\Local\Temp\ccCJDORm.s 			page 16


 501              		.loc 1 228 22 view .LVU149
 502 005a 801B     		subs	r0, r0, r6
 228:../../Drivers/STM32H7xx_HAL_Driver/Src/stm32h7xx_hal_pcd_ex.c ****   {
 503              		.loc 1 228 6 view .LVU150
 504 005c B0F57A7F 		cmp	r0, #1000
 505 0060 25D9     		bls	.L23
 233:../../Drivers/STM32H7xx_HAL_Driver/Src/stm32h7xx_hal_pcd_ex.c **** #endif /* USE_HAL_PCD_REGISTER_CALLBACKS */
 506              		.loc 1 233 5 is_stmt 1 view .LVU151
 507 0062 FF21     		movs	r1, #255
 508 0064 2846     		mov	r0, r5
 509 0066 FFF7FEFF 		bl	HAL_PCDEx_BCD_Callback
 510              	.LVL41:
 511              	.L18:
 244:../../Drivers/STM32H7xx_HAL_Driver/Src/stm32h7xx_hal_pcd_ex.c **** 
 512              		.loc 1 244 1 is_stmt 0 view .LVU152
 513 006a 70BD     		pop	{r4, r5, r6, pc}
 514              	.LVL42:
 515              	.L26:
 175:../../Drivers/STM32H7xx_HAL_Driver/Src/stm32h7xx_hal_pcd_ex.c **** #endif /* USE_HAL_PCD_REGISTER_CALLBACKS */
 516              		.loc 1 175 5 is_stmt 1 view .LVU153
 517 006c FE21     		movs	r1, #254
 518 006e 2846     		mov	r0, r5
 519 0070 FFF7FEFF 		bl	HAL_PCDEx_BCD_Callback
 520              	.LVL43:
 521 0074 D6E7     		b	.L19
 522              	.L20:
 199:../../Drivers/STM32H7xx_HAL_Driver/Src/stm32h7xx_hal_pcd_ex.c ****     HAL_Delay(50U);
 523              		.loc 1 199 5 view .LVU154
 199:../../Drivers/STM32H7xx_HAL_Driver/Src/stm32h7xx_hal_pcd_ex.c ****     HAL_Delay(50U);
 524              		.loc 1 199 9 is_stmt 0 view .LVU155
 525 0076 A36B     		ldr	r3, [r4, #56]
 199:../../Drivers/STM32H7xx_HAL_Driver/Src/stm32h7xx_hal_pcd_ex.c ****     HAL_Delay(50U);
 526              		.loc 1 199 17 view .LVU156
 527 0078 23F40023 		bic	r3, r3, #524288
 528 007c A363     		str	r3, [r4, #56]
 200:../../Drivers/STM32H7xx_HAL_Driver/Src/stm32h7xx_hal_pcd_ex.c ****     USBx->GCCFG |= USB_OTG_GCCFG_SDEN;
 529              		.loc 1 200 5 is_stmt 1 view .LVU157
 530 007e 3220     		movs	r0, #50
 531 0080 FFF7FEFF 		bl	HAL_Delay
 532              	.LVL44:
 201:../../Drivers/STM32H7xx_HAL_Driver/Src/stm32h7xx_hal_pcd_ex.c ****     HAL_Delay(50U);
 533              		.loc 1 201 5 view .LVU158
 201:../../Drivers/STM32H7xx_HAL_Driver/Src/stm32h7xx_hal_pcd_ex.c ****     HAL_Delay(50U);
 534              		.loc 1 201 9 is_stmt 0 view .LVU159
 535 0084 A36B     		ldr	r3, [r4, #56]
 201:../../Drivers/STM32H7xx_HAL_Driver/Src/stm32h7xx_hal_pcd_ex.c ****     HAL_Delay(50U);
 536              		.loc 1 201 17 view .LVU160
 537 0086 43F48013 		orr	r3, r3, #1048576
 538 008a A363     		str	r3, [r4, #56]
 202:../../Drivers/STM32H7xx_HAL_Driver/Src/stm32h7xx_hal_pcd_ex.c **** 
 539              		.loc 1 202 5 is_stmt 1 view .LVU161
 540 008c 3220     		movs	r0, #50
 541 008e FFF7FEFF 		bl	HAL_Delay
 542              	.LVL45:
 204:../../Drivers/STM32H7xx_HAL_Driver/Src/stm32h7xx_hal_pcd_ex.c ****     {
 543              		.loc 1 204 5 view .LVU162
 204:../../Drivers/STM32H7xx_HAL_Driver/Src/stm32h7xx_hal_pcd_ex.c ****     {
ARM GAS  C:\Users\gigig\AppData\Local\Temp\ccCJDORm.s 			page 17


 544              		.loc 1 204 14 is_stmt 0 view .LVU163
 545 0092 A36B     		ldr	r3, [r4, #56]
 204:../../Drivers/STM32H7xx_HAL_Driver/Src/stm32h7xx_hal_pcd_ex.c ****     {
 546              		.loc 1 204 8 view .LVU164
 547 0094 13F0040F 		tst	r3, #4
 548 0098 04D0     		beq	.L22
 210:../../Drivers/STM32H7xx_HAL_Driver/Src/stm32h7xx_hal_pcd_ex.c **** #endif /* USE_HAL_PCD_REGISTER_CALLBACKS */
 549              		.loc 1 210 7 is_stmt 1 view .LVU165
 550 009a FB21     		movs	r1, #251
 551 009c 2846     		mov	r0, r5
 552 009e FFF7FEFF 		bl	HAL_PCDEx_BCD_Callback
 553              	.LVL46:
 554 00a2 D5E7     		b	.L21
 555              	.L22:
 219:../../Drivers/STM32H7xx_HAL_Driver/Src/stm32h7xx_hal_pcd_ex.c **** #endif /* USE_HAL_PCD_REGISTER_CALLBACKS */
 556              		.loc 1 219 7 view .LVU166
 557 00a4 FC21     		movs	r1, #252
 558 00a6 2846     		mov	r0, r5
 559 00a8 FFF7FEFF 		bl	HAL_PCDEx_BCD_Callback
 560              	.LVL47:
 561 00ac D0E7     		b	.L21
 562              	.L23:
 241:../../Drivers/STM32H7xx_HAL_Driver/Src/stm32h7xx_hal_pcd_ex.c **** #endif /* USE_HAL_PCD_REGISTER_CALLBACKS */
 563              		.loc 1 241 5 view .LVU167
 564 00ae 0021     		movs	r1, #0
 565 00b0 2846     		mov	r0, r5
 566 00b2 FFF7FEFF 		bl	HAL_PCDEx_BCD_Callback
 567              	.LVL48:
 244:../../Drivers/STM32H7xx_HAL_Driver/Src/stm32h7xx_hal_pcd_ex.c **** 
 568              		.loc 1 244 1 is_stmt 0 view .LVU168
 569 00b6 D8E7     		b	.L18
 570              		.cfi_endproc
 571              	.LFE148:
 573              		.text
 574              	.Letext0:
 575              		.file 2 "c:\\program files (x86)\\arm gnu toolchain arm-none-eabi\\12.2 rel1\\arm-none-eabi\\inclu
 576              		.file 3 "c:\\program files (x86)\\arm gnu toolchain arm-none-eabi\\12.2 rel1\\arm-none-eabi\\inclu
 577              		.file 4 "../../Drivers/CMSIS/Device/ST/STM32H7xx/Include/stm32h755xx.h"
 578              		.file 5 "../../Drivers/STM32H7xx_HAL_Driver/Inc/stm32h7xx_hal_def.h"
 579              		.file 6 "../../Drivers/STM32H7xx_HAL_Driver/Inc/stm32h7xx_ll_usb.h"
 580              		.file 7 "../../Drivers/STM32H7xx_HAL_Driver/Inc/stm32h7xx_hal_pcd.h"
 581              		.file 8 "../../Drivers/STM32H7xx_HAL_Driver/Inc/stm32h7xx_hal.h"
ARM GAS  C:\Users\gigig\AppData\Local\Temp\ccCJDORm.s 			page 18


DEFINED SYMBOLS
                            *ABS*:00000000 stm32h7xx_hal_pcd_ex.c
C:\Users\gigig\AppData\Local\Temp\ccCJDORm.s:20     .text.HAL_PCDEx_SetTxFiFo:00000000 $t
C:\Users\gigig\AppData\Local\Temp\ccCJDORm.s:26     .text.HAL_PCDEx_SetTxFiFo:00000000 HAL_PCDEx_SetTxFiFo
C:\Users\gigig\AppData\Local\Temp\ccCJDORm.s:120    .text.HAL_PCDEx_SetRxFiFo:00000000 $t
C:\Users\gigig\AppData\Local\Temp\ccCJDORm.s:126    .text.HAL_PCDEx_SetRxFiFo:00000000 HAL_PCDEx_SetRxFiFo
C:\Users\gigig\AppData\Local\Temp\ccCJDORm.s:149    .text.HAL_PCDEx_ActivateLPM:00000000 $t
C:\Users\gigig\AppData\Local\Temp\ccCJDORm.s:155    .text.HAL_PCDEx_ActivateLPM:00000000 HAL_PCDEx_ActivateLPM
C:\Users\gigig\AppData\Local\Temp\ccCJDORm.s:199    .text.HAL_PCDEx_ActivateLPM:00000024 $d
C:\Users\gigig\AppData\Local\Temp\ccCJDORm.s:204    .text.HAL_PCDEx_DeActivateLPM:00000000 $t
C:\Users\gigig\AppData\Local\Temp\ccCJDORm.s:210    .text.HAL_PCDEx_DeActivateLPM:00000000 HAL_PCDEx_DeActivateLPM
C:\Users\gigig\AppData\Local\Temp\ccCJDORm.s:250    .text.HAL_PCDEx_DeActivateLPM:0000001c $d
C:\Users\gigig\AppData\Local\Temp\ccCJDORm.s:255    .text.HAL_PCDEx_ActivateBCD:00000000 $t
C:\Users\gigig\AppData\Local\Temp\ccCJDORm.s:261    .text.HAL_PCDEx_ActivateBCD:00000000 HAL_PCDEx_ActivateBCD
C:\Users\gigig\AppData\Local\Temp\ccCJDORm.s:313    .text.HAL_PCDEx_DeActivateBCD:00000000 $t
C:\Users\gigig\AppData\Local\Temp\ccCJDORm.s:319    .text.HAL_PCDEx_DeActivateBCD:00000000 HAL_PCDEx_DeActivateBCD
C:\Users\gigig\AppData\Local\Temp\ccCJDORm.s:364    .text.HAL_PCDEx_LPM_Callback:00000000 $t
C:\Users\gigig\AppData\Local\Temp\ccCJDORm.s:370    .text.HAL_PCDEx_LPM_Callback:00000000 HAL_PCDEx_LPM_Callback
C:\Users\gigig\AppData\Local\Temp\ccCJDORm.s:386    .text.HAL_PCDEx_BCD_Callback:00000000 $t
C:\Users\gigig\AppData\Local\Temp\ccCJDORm.s:392    .text.HAL_PCDEx_BCD_Callback:00000000 HAL_PCDEx_BCD_Callback
C:\Users\gigig\AppData\Local\Temp\ccCJDORm.s:408    .text.HAL_PCDEx_BCD_VBUSDetect:00000000 $t
C:\Users\gigig\AppData\Local\Temp\ccCJDORm.s:414    .text.HAL_PCDEx_BCD_VBUSDetect:00000000 HAL_PCDEx_BCD_VBUSDetect

UNDEFINED SYMBOLS
HAL_GetTick
HAL_Delay
