ARM GAS  C:\Users\gigig\AppData\Local\Temp\ccvJsVGC.s 			page 1


   1              		.cpu cortex-m7
   2              		.arch armv7e-m
   3              		.fpu fpv5-d16
   4              		.eabi_attribute 28, 1
   5              		.eabi_attribute 20, 1
   6              		.eabi_attribute 21, 1
   7              		.eabi_attribute 23, 3
   8              		.eabi_attribute 24, 1
   9              		.eabi_attribute 25, 1
  10              		.eabi_attribute 26, 1
  11              		.eabi_attribute 30, 1
  12              		.eabi_attribute 34, 1
  13              		.eabi_attribute 18, 4
  14              		.file	"stm32h7xx_hal_i2c_ex.c"
  15              		.text
  16              	.Ltext0:
  17              		.cfi_sections	.debug_frame
  18              		.section	.text.HAL_I2CEx_ConfigAnalogFilter,"ax",%progbits
  19              		.align	1
  20              		.global	HAL_I2CEx_ConfigAnalogFilter
  21              		.syntax unified
  22              		.thumb
  23              		.thumb_func
  25              	HAL_I2CEx_ConfigAnalogFilter:
  26              	.LVL0:
  27              	.LFB144:
  28              		.file 1 "../../Drivers/STM32H7xx_HAL_Driver/Src/stm32h7xx_hal_i2c_ex.c"
   1:../../Drivers/STM32H7xx_HAL_Driver/Src/stm32h7xx_hal_i2c_ex.c **** /**
   2:../../Drivers/STM32H7xx_HAL_Driver/Src/stm32h7xx_hal_i2c_ex.c ****   ******************************************************************************
   3:../../Drivers/STM32H7xx_HAL_Driver/Src/stm32h7xx_hal_i2c_ex.c ****   * @file    stm32h7xx_hal_i2c_ex.c
   4:../../Drivers/STM32H7xx_HAL_Driver/Src/stm32h7xx_hal_i2c_ex.c ****   * @author  MCD Application Team
   5:../../Drivers/STM32H7xx_HAL_Driver/Src/stm32h7xx_hal_i2c_ex.c ****   * @brief   I2C Extended HAL module driver.
   6:../../Drivers/STM32H7xx_HAL_Driver/Src/stm32h7xx_hal_i2c_ex.c ****   *          This file provides firmware functions to manage the following
   7:../../Drivers/STM32H7xx_HAL_Driver/Src/stm32h7xx_hal_i2c_ex.c ****   *          functionalities of I2C Extended peripheral:
   8:../../Drivers/STM32H7xx_HAL_Driver/Src/stm32h7xx_hal_i2c_ex.c ****   *           + Filter Mode Functions
   9:../../Drivers/STM32H7xx_HAL_Driver/Src/stm32h7xx_hal_i2c_ex.c ****   *           + WakeUp Mode Functions
  10:../../Drivers/STM32H7xx_HAL_Driver/Src/stm32h7xx_hal_i2c_ex.c ****   *           + FastModePlus Functions
  11:../../Drivers/STM32H7xx_HAL_Driver/Src/stm32h7xx_hal_i2c_ex.c ****   *
  12:../../Drivers/STM32H7xx_HAL_Driver/Src/stm32h7xx_hal_i2c_ex.c ****   ******************************************************************************
  13:../../Drivers/STM32H7xx_HAL_Driver/Src/stm32h7xx_hal_i2c_ex.c ****   * @attention
  14:../../Drivers/STM32H7xx_HAL_Driver/Src/stm32h7xx_hal_i2c_ex.c ****   *
  15:../../Drivers/STM32H7xx_HAL_Driver/Src/stm32h7xx_hal_i2c_ex.c ****   * Copyright (c) 2017 STMicroelectronics.
  16:../../Drivers/STM32H7xx_HAL_Driver/Src/stm32h7xx_hal_i2c_ex.c ****   * All rights reserved.
  17:../../Drivers/STM32H7xx_HAL_Driver/Src/stm32h7xx_hal_i2c_ex.c ****   *
  18:../../Drivers/STM32H7xx_HAL_Driver/Src/stm32h7xx_hal_i2c_ex.c ****   * This software is licensed under terms that can be found in the LICENSE file
  19:../../Drivers/STM32H7xx_HAL_Driver/Src/stm32h7xx_hal_i2c_ex.c ****   * in the root directory of this software component.
  20:../../Drivers/STM32H7xx_HAL_Driver/Src/stm32h7xx_hal_i2c_ex.c ****   * If no LICENSE file comes with this software, it is provided AS-IS.
  21:../../Drivers/STM32H7xx_HAL_Driver/Src/stm32h7xx_hal_i2c_ex.c ****   *
  22:../../Drivers/STM32H7xx_HAL_Driver/Src/stm32h7xx_hal_i2c_ex.c ****   ******************************************************************************
  23:../../Drivers/STM32H7xx_HAL_Driver/Src/stm32h7xx_hal_i2c_ex.c ****   @verbatim
  24:../../Drivers/STM32H7xx_HAL_Driver/Src/stm32h7xx_hal_i2c_ex.c ****   ==============================================================================
  25:../../Drivers/STM32H7xx_HAL_Driver/Src/stm32h7xx_hal_i2c_ex.c ****                ##### I2C peripheral Extended features  #####
  26:../../Drivers/STM32H7xx_HAL_Driver/Src/stm32h7xx_hal_i2c_ex.c ****   ==============================================================================
  27:../../Drivers/STM32H7xx_HAL_Driver/Src/stm32h7xx_hal_i2c_ex.c **** 
  28:../../Drivers/STM32H7xx_HAL_Driver/Src/stm32h7xx_hal_i2c_ex.c ****   [..] Comparing to other previous devices, the I2C interface for STM32H7xx
  29:../../Drivers/STM32H7xx_HAL_Driver/Src/stm32h7xx_hal_i2c_ex.c ****        devices contains the following additional features
  30:../../Drivers/STM32H7xx_HAL_Driver/Src/stm32h7xx_hal_i2c_ex.c **** 
ARM GAS  C:\Users\gigig\AppData\Local\Temp\ccvJsVGC.s 			page 2


  31:../../Drivers/STM32H7xx_HAL_Driver/Src/stm32h7xx_hal_i2c_ex.c ****        (+) Possibility to disable or enable Analog Noise Filter
  32:../../Drivers/STM32H7xx_HAL_Driver/Src/stm32h7xx_hal_i2c_ex.c ****        (+) Use of a configured Digital Noise Filter
  33:../../Drivers/STM32H7xx_HAL_Driver/Src/stm32h7xx_hal_i2c_ex.c ****        (+) Disable or enable wakeup from Stop mode(s)
  34:../../Drivers/STM32H7xx_HAL_Driver/Src/stm32h7xx_hal_i2c_ex.c ****        (+) Disable or enable Fast Mode Plus
  35:../../Drivers/STM32H7xx_HAL_Driver/Src/stm32h7xx_hal_i2c_ex.c **** 
  36:../../Drivers/STM32H7xx_HAL_Driver/Src/stm32h7xx_hal_i2c_ex.c ****                      ##### How to use this driver #####
  37:../../Drivers/STM32H7xx_HAL_Driver/Src/stm32h7xx_hal_i2c_ex.c ****   ==============================================================================
  38:../../Drivers/STM32H7xx_HAL_Driver/Src/stm32h7xx_hal_i2c_ex.c ****   [..] This driver provides functions to configure Noise Filter and Wake Up Feature
  39:../../Drivers/STM32H7xx_HAL_Driver/Src/stm32h7xx_hal_i2c_ex.c ****     (#) Configure I2C Analog noise filter using the function HAL_I2CEx_ConfigAnalogFilter()
  40:../../Drivers/STM32H7xx_HAL_Driver/Src/stm32h7xx_hal_i2c_ex.c ****     (#) Configure I2C Digital noise filter using the function HAL_I2CEx_ConfigDigitalFilter()
  41:../../Drivers/STM32H7xx_HAL_Driver/Src/stm32h7xx_hal_i2c_ex.c ****     (#) Configure the enable or disable of I2C Wake Up Mode using the functions :
  42:../../Drivers/STM32H7xx_HAL_Driver/Src/stm32h7xx_hal_i2c_ex.c ****           (++) HAL_I2CEx_EnableWakeUp()
  43:../../Drivers/STM32H7xx_HAL_Driver/Src/stm32h7xx_hal_i2c_ex.c ****           (++) HAL_I2CEx_DisableWakeUp()
  44:../../Drivers/STM32H7xx_HAL_Driver/Src/stm32h7xx_hal_i2c_ex.c ****     (#) Configure the enable or disable of fast mode plus driving capability using the functions :
  45:../../Drivers/STM32H7xx_HAL_Driver/Src/stm32h7xx_hal_i2c_ex.c ****           (++) HAL_I2CEx_EnableFastModePlus()
  46:../../Drivers/STM32H7xx_HAL_Driver/Src/stm32h7xx_hal_i2c_ex.c ****           (++) HAL_I2CEx_DisableFastModePlus()
  47:../../Drivers/STM32H7xx_HAL_Driver/Src/stm32h7xx_hal_i2c_ex.c ****   @endverbatim
  48:../../Drivers/STM32H7xx_HAL_Driver/Src/stm32h7xx_hal_i2c_ex.c ****   */
  49:../../Drivers/STM32H7xx_HAL_Driver/Src/stm32h7xx_hal_i2c_ex.c **** 
  50:../../Drivers/STM32H7xx_HAL_Driver/Src/stm32h7xx_hal_i2c_ex.c **** /* Includes ------------------------------------------------------------------*/
  51:../../Drivers/STM32H7xx_HAL_Driver/Src/stm32h7xx_hal_i2c_ex.c **** #include "stm32h7xx_hal.h"
  52:../../Drivers/STM32H7xx_HAL_Driver/Src/stm32h7xx_hal_i2c_ex.c **** 
  53:../../Drivers/STM32H7xx_HAL_Driver/Src/stm32h7xx_hal_i2c_ex.c **** /** @addtogroup STM32H7xx_HAL_Driver
  54:../../Drivers/STM32H7xx_HAL_Driver/Src/stm32h7xx_hal_i2c_ex.c ****   * @{
  55:../../Drivers/STM32H7xx_HAL_Driver/Src/stm32h7xx_hal_i2c_ex.c ****   */
  56:../../Drivers/STM32H7xx_HAL_Driver/Src/stm32h7xx_hal_i2c_ex.c **** 
  57:../../Drivers/STM32H7xx_HAL_Driver/Src/stm32h7xx_hal_i2c_ex.c **** /** @defgroup I2CEx I2CEx
  58:../../Drivers/STM32H7xx_HAL_Driver/Src/stm32h7xx_hal_i2c_ex.c ****   * @brief I2C Extended HAL module driver
  59:../../Drivers/STM32H7xx_HAL_Driver/Src/stm32h7xx_hal_i2c_ex.c ****   * @{
  60:../../Drivers/STM32H7xx_HAL_Driver/Src/stm32h7xx_hal_i2c_ex.c ****   */
  61:../../Drivers/STM32H7xx_HAL_Driver/Src/stm32h7xx_hal_i2c_ex.c **** 
  62:../../Drivers/STM32H7xx_HAL_Driver/Src/stm32h7xx_hal_i2c_ex.c **** #ifdef HAL_I2C_MODULE_ENABLED
  63:../../Drivers/STM32H7xx_HAL_Driver/Src/stm32h7xx_hal_i2c_ex.c **** 
  64:../../Drivers/STM32H7xx_HAL_Driver/Src/stm32h7xx_hal_i2c_ex.c **** /* Private typedef -----------------------------------------------------------*/
  65:../../Drivers/STM32H7xx_HAL_Driver/Src/stm32h7xx_hal_i2c_ex.c **** /* Private define ------------------------------------------------------------*/
  66:../../Drivers/STM32H7xx_HAL_Driver/Src/stm32h7xx_hal_i2c_ex.c **** /* Private macro -------------------------------------------------------------*/
  67:../../Drivers/STM32H7xx_HAL_Driver/Src/stm32h7xx_hal_i2c_ex.c **** /* Private variables ---------------------------------------------------------*/
  68:../../Drivers/STM32H7xx_HAL_Driver/Src/stm32h7xx_hal_i2c_ex.c **** /* Private function prototypes -----------------------------------------------*/
  69:../../Drivers/STM32H7xx_HAL_Driver/Src/stm32h7xx_hal_i2c_ex.c **** /* Private functions ---------------------------------------------------------*/
  70:../../Drivers/STM32H7xx_HAL_Driver/Src/stm32h7xx_hal_i2c_ex.c **** 
  71:../../Drivers/STM32H7xx_HAL_Driver/Src/stm32h7xx_hal_i2c_ex.c **** /** @defgroup I2CEx_Exported_Functions I2C Extended Exported Functions
  72:../../Drivers/STM32H7xx_HAL_Driver/Src/stm32h7xx_hal_i2c_ex.c ****   * @{
  73:../../Drivers/STM32H7xx_HAL_Driver/Src/stm32h7xx_hal_i2c_ex.c ****   */
  74:../../Drivers/STM32H7xx_HAL_Driver/Src/stm32h7xx_hal_i2c_ex.c **** 
  75:../../Drivers/STM32H7xx_HAL_Driver/Src/stm32h7xx_hal_i2c_ex.c **** /** @defgroup I2CEx_Exported_Functions_Group1 Filter Mode Functions
  76:../../Drivers/STM32H7xx_HAL_Driver/Src/stm32h7xx_hal_i2c_ex.c ****   * @brief    Filter Mode Functions
  77:../../Drivers/STM32H7xx_HAL_Driver/Src/stm32h7xx_hal_i2c_ex.c ****   *
  78:../../Drivers/STM32H7xx_HAL_Driver/Src/stm32h7xx_hal_i2c_ex.c **** @verbatim
  79:../../Drivers/STM32H7xx_HAL_Driver/Src/stm32h7xx_hal_i2c_ex.c ****  ===============================================================================
  80:../../Drivers/STM32H7xx_HAL_Driver/Src/stm32h7xx_hal_i2c_ex.c ****                       ##### Filter Mode Functions #####
  81:../../Drivers/STM32H7xx_HAL_Driver/Src/stm32h7xx_hal_i2c_ex.c ****  ===============================================================================
  82:../../Drivers/STM32H7xx_HAL_Driver/Src/stm32h7xx_hal_i2c_ex.c ****     [..] This section provides functions allowing to:
  83:../../Drivers/STM32H7xx_HAL_Driver/Src/stm32h7xx_hal_i2c_ex.c ****       (+) Configure Noise Filters
  84:../../Drivers/STM32H7xx_HAL_Driver/Src/stm32h7xx_hal_i2c_ex.c **** 
  85:../../Drivers/STM32H7xx_HAL_Driver/Src/stm32h7xx_hal_i2c_ex.c **** @endverbatim
  86:../../Drivers/STM32H7xx_HAL_Driver/Src/stm32h7xx_hal_i2c_ex.c ****   * @{
  87:../../Drivers/STM32H7xx_HAL_Driver/Src/stm32h7xx_hal_i2c_ex.c ****   */
ARM GAS  C:\Users\gigig\AppData\Local\Temp\ccvJsVGC.s 			page 3


  88:../../Drivers/STM32H7xx_HAL_Driver/Src/stm32h7xx_hal_i2c_ex.c **** 
  89:../../Drivers/STM32H7xx_HAL_Driver/Src/stm32h7xx_hal_i2c_ex.c **** /**
  90:../../Drivers/STM32H7xx_HAL_Driver/Src/stm32h7xx_hal_i2c_ex.c ****   * @brief  Configure I2C Analog noise filter.
  91:../../Drivers/STM32H7xx_HAL_Driver/Src/stm32h7xx_hal_i2c_ex.c ****   * @param  hi2c Pointer to a I2C_HandleTypeDef structure that contains
  92:../../Drivers/STM32H7xx_HAL_Driver/Src/stm32h7xx_hal_i2c_ex.c ****   *                the configuration information for the specified I2Cx peripheral.
  93:../../Drivers/STM32H7xx_HAL_Driver/Src/stm32h7xx_hal_i2c_ex.c ****   * @param  AnalogFilter New state of the Analog filter.
  94:../../Drivers/STM32H7xx_HAL_Driver/Src/stm32h7xx_hal_i2c_ex.c ****   * @retval HAL status
  95:../../Drivers/STM32H7xx_HAL_Driver/Src/stm32h7xx_hal_i2c_ex.c ****   */
  96:../../Drivers/STM32H7xx_HAL_Driver/Src/stm32h7xx_hal_i2c_ex.c **** HAL_StatusTypeDef HAL_I2CEx_ConfigAnalogFilter(I2C_HandleTypeDef *hi2c, uint32_t AnalogFilter)
  97:../../Drivers/STM32H7xx_HAL_Driver/Src/stm32h7xx_hal_i2c_ex.c **** {
  29              		.loc 1 97 1 view -0
  30              		.cfi_startproc
  31              		@ args = 0, pretend = 0, frame = 0
  32              		@ frame_needed = 0, uses_anonymous_args = 0
  33              		@ link register save eliminated.
  98:../../Drivers/STM32H7xx_HAL_Driver/Src/stm32h7xx_hal_i2c_ex.c ****   /* Check the parameters */
  99:../../Drivers/STM32H7xx_HAL_Driver/Src/stm32h7xx_hal_i2c_ex.c ****   assert_param(IS_I2C_ALL_INSTANCE(hi2c->Instance));
  34              		.loc 1 99 3 view .LVU1
 100:../../Drivers/STM32H7xx_HAL_Driver/Src/stm32h7xx_hal_i2c_ex.c ****   assert_param(IS_I2C_ANALOG_FILTER(AnalogFilter));
  35              		.loc 1 100 3 view .LVU2
 101:../../Drivers/STM32H7xx_HAL_Driver/Src/stm32h7xx_hal_i2c_ex.c **** 
 102:../../Drivers/STM32H7xx_HAL_Driver/Src/stm32h7xx_hal_i2c_ex.c ****   if (hi2c->State == HAL_I2C_STATE_READY)
  36              		.loc 1 102 3 view .LVU3
  37              		.loc 1 102 11 is_stmt 0 view .LVU4
  38 0000 90F84130 		ldrb	r3, [r0, #65]	@ zero_extendqisi2
  39 0004 DBB2     		uxtb	r3, r3
  40              		.loc 1 102 6 view .LVU5
  41 0006 202B     		cmp	r3, #32
  42 0008 24D1     		bne	.L3
 103:../../Drivers/STM32H7xx_HAL_Driver/Src/stm32h7xx_hal_i2c_ex.c ****   {
 104:../../Drivers/STM32H7xx_HAL_Driver/Src/stm32h7xx_hal_i2c_ex.c ****     /* Process Locked */
 105:../../Drivers/STM32H7xx_HAL_Driver/Src/stm32h7xx_hal_i2c_ex.c ****     __HAL_LOCK(hi2c);
  43              		.loc 1 105 5 is_stmt 1 view .LVU6
  44              		.loc 1 105 5 view .LVU7
  45 000a 90F84030 		ldrb	r3, [r0, #64]	@ zero_extendqisi2
  46 000e 012B     		cmp	r3, #1
  47 0010 22D0     		beq	.L4
  48              		.loc 1 105 5 discriminator 2 view .LVU8
  49 0012 0123     		movs	r3, #1
  50 0014 80F84030 		strb	r3, [r0, #64]
  51              		.loc 1 105 5 discriminator 2 view .LVU9
 106:../../Drivers/STM32H7xx_HAL_Driver/Src/stm32h7xx_hal_i2c_ex.c **** 
 107:../../Drivers/STM32H7xx_HAL_Driver/Src/stm32h7xx_hal_i2c_ex.c ****     hi2c->State = HAL_I2C_STATE_BUSY;
  52              		.loc 1 107 5 discriminator 2 view .LVU10
  53              		.loc 1 107 17 is_stmt 0 discriminator 2 view .LVU11
  54 0018 2423     		movs	r3, #36
  55 001a 80F84130 		strb	r3, [r0, #65]
 108:../../Drivers/STM32H7xx_HAL_Driver/Src/stm32h7xx_hal_i2c_ex.c **** 
 109:../../Drivers/STM32H7xx_HAL_Driver/Src/stm32h7xx_hal_i2c_ex.c ****     /* Disable the selected I2C peripheral */
 110:../../Drivers/STM32H7xx_HAL_Driver/Src/stm32h7xx_hal_i2c_ex.c ****     __HAL_I2C_DISABLE(hi2c);
  56              		.loc 1 110 5 is_stmt 1 discriminator 2 view .LVU12
  57 001e 0268     		ldr	r2, [r0]
  58 0020 1368     		ldr	r3, [r2]
  59 0022 23F00103 		bic	r3, r3, #1
  60 0026 1360     		str	r3, [r2]
 111:../../Drivers/STM32H7xx_HAL_Driver/Src/stm32h7xx_hal_i2c_ex.c **** 
 112:../../Drivers/STM32H7xx_HAL_Driver/Src/stm32h7xx_hal_i2c_ex.c ****     /* Reset I2Cx ANOFF bit */
ARM GAS  C:\Users\gigig\AppData\Local\Temp\ccvJsVGC.s 			page 4


 113:../../Drivers/STM32H7xx_HAL_Driver/Src/stm32h7xx_hal_i2c_ex.c ****     hi2c->Instance->CR1 &= ~(I2C_CR1_ANFOFF);
  61              		.loc 1 113 5 discriminator 2 view .LVU13
  62              		.loc 1 113 9 is_stmt 0 discriminator 2 view .LVU14
  63 0028 0268     		ldr	r2, [r0]
  64              		.loc 1 113 25 discriminator 2 view .LVU15
  65 002a 1368     		ldr	r3, [r2]
  66 002c 23F48053 		bic	r3, r3, #4096
  67 0030 1360     		str	r3, [r2]
 114:../../Drivers/STM32H7xx_HAL_Driver/Src/stm32h7xx_hal_i2c_ex.c **** 
 115:../../Drivers/STM32H7xx_HAL_Driver/Src/stm32h7xx_hal_i2c_ex.c ****     /* Set analog filter bit*/
 116:../../Drivers/STM32H7xx_HAL_Driver/Src/stm32h7xx_hal_i2c_ex.c ****     hi2c->Instance->CR1 |= AnalogFilter;
  68              		.loc 1 116 5 is_stmt 1 discriminator 2 view .LVU16
  69              		.loc 1 116 9 is_stmt 0 discriminator 2 view .LVU17
  70 0032 0268     		ldr	r2, [r0]
  71              		.loc 1 116 25 discriminator 2 view .LVU18
  72 0034 1368     		ldr	r3, [r2]
  73 0036 1943     		orrs	r1, r1, r3
  74              	.LVL1:
  75              		.loc 1 116 25 discriminator 2 view .LVU19
  76 0038 1160     		str	r1, [r2]
 117:../../Drivers/STM32H7xx_HAL_Driver/Src/stm32h7xx_hal_i2c_ex.c **** 
 118:../../Drivers/STM32H7xx_HAL_Driver/Src/stm32h7xx_hal_i2c_ex.c ****     __HAL_I2C_ENABLE(hi2c);
  77              		.loc 1 118 5 is_stmt 1 discriminator 2 view .LVU20
  78 003a 0268     		ldr	r2, [r0]
  79 003c 1368     		ldr	r3, [r2]
  80 003e 43F00103 		orr	r3, r3, #1
  81 0042 1360     		str	r3, [r2]
 119:../../Drivers/STM32H7xx_HAL_Driver/Src/stm32h7xx_hal_i2c_ex.c **** 
 120:../../Drivers/STM32H7xx_HAL_Driver/Src/stm32h7xx_hal_i2c_ex.c ****     hi2c->State = HAL_I2C_STATE_READY;
  82              		.loc 1 120 5 discriminator 2 view .LVU21
  83              		.loc 1 120 17 is_stmt 0 discriminator 2 view .LVU22
  84 0044 2023     		movs	r3, #32
  85 0046 80F84130 		strb	r3, [r0, #65]
 121:../../Drivers/STM32H7xx_HAL_Driver/Src/stm32h7xx_hal_i2c_ex.c **** 
 122:../../Drivers/STM32H7xx_HAL_Driver/Src/stm32h7xx_hal_i2c_ex.c ****     /* Process Unlocked */
 123:../../Drivers/STM32H7xx_HAL_Driver/Src/stm32h7xx_hal_i2c_ex.c ****     __HAL_UNLOCK(hi2c);
  86              		.loc 1 123 5 is_stmt 1 discriminator 2 view .LVU23
  87              		.loc 1 123 5 discriminator 2 view .LVU24
  88 004a 0023     		movs	r3, #0
  89 004c 80F84030 		strb	r3, [r0, #64]
  90              		.loc 1 123 5 discriminator 2 view .LVU25
 124:../../Drivers/STM32H7xx_HAL_Driver/Src/stm32h7xx_hal_i2c_ex.c **** 
 125:../../Drivers/STM32H7xx_HAL_Driver/Src/stm32h7xx_hal_i2c_ex.c ****     return HAL_OK;
  91              		.loc 1 125 5 discriminator 2 view .LVU26
  92              		.loc 1 125 12 is_stmt 0 discriminator 2 view .LVU27
  93 0050 1846     		mov	r0, r3
  94              	.LVL2:
  95              		.loc 1 125 12 discriminator 2 view .LVU28
  96 0052 7047     		bx	lr
  97              	.LVL3:
  98              	.L3:
 126:../../Drivers/STM32H7xx_HAL_Driver/Src/stm32h7xx_hal_i2c_ex.c ****   }
 127:../../Drivers/STM32H7xx_HAL_Driver/Src/stm32h7xx_hal_i2c_ex.c ****   else
 128:../../Drivers/STM32H7xx_HAL_Driver/Src/stm32h7xx_hal_i2c_ex.c ****   {
 129:../../Drivers/STM32H7xx_HAL_Driver/Src/stm32h7xx_hal_i2c_ex.c ****     return HAL_BUSY;
  99              		.loc 1 129 12 view .LVU29
 100 0054 0220     		movs	r0, #2
ARM GAS  C:\Users\gigig\AppData\Local\Temp\ccvJsVGC.s 			page 5


 101              	.LVL4:
 102              		.loc 1 129 12 view .LVU30
 103 0056 7047     		bx	lr
 104              	.LVL5:
 105              	.L4:
 105:../../Drivers/STM32H7xx_HAL_Driver/Src/stm32h7xx_hal_i2c_ex.c **** 
 106              		.loc 1 105 5 view .LVU31
 107 0058 0220     		movs	r0, #2
 108              	.LVL6:
 130:../../Drivers/STM32H7xx_HAL_Driver/Src/stm32h7xx_hal_i2c_ex.c ****   }
 131:../../Drivers/STM32H7xx_HAL_Driver/Src/stm32h7xx_hal_i2c_ex.c **** }
 109              		.loc 1 131 1 view .LVU32
 110 005a 7047     		bx	lr
 111              		.cfi_endproc
 112              	.LFE144:
 114              		.section	.text.HAL_I2CEx_ConfigDigitalFilter,"ax",%progbits
 115              		.align	1
 116              		.global	HAL_I2CEx_ConfigDigitalFilter
 117              		.syntax unified
 118              		.thumb
 119              		.thumb_func
 121              	HAL_I2CEx_ConfigDigitalFilter:
 122              	.LVL7:
 123              	.LFB145:
 132:../../Drivers/STM32H7xx_HAL_Driver/Src/stm32h7xx_hal_i2c_ex.c **** 
 133:../../Drivers/STM32H7xx_HAL_Driver/Src/stm32h7xx_hal_i2c_ex.c **** /**
 134:../../Drivers/STM32H7xx_HAL_Driver/Src/stm32h7xx_hal_i2c_ex.c ****   * @brief  Configure I2C Digital noise filter.
 135:../../Drivers/STM32H7xx_HAL_Driver/Src/stm32h7xx_hal_i2c_ex.c ****   * @param  hi2c Pointer to a I2C_HandleTypeDef structure that contains
 136:../../Drivers/STM32H7xx_HAL_Driver/Src/stm32h7xx_hal_i2c_ex.c ****   *                the configuration information for the specified I2Cx peripheral.
 137:../../Drivers/STM32H7xx_HAL_Driver/Src/stm32h7xx_hal_i2c_ex.c ****   * @param  DigitalFilter Coefficient of digital noise filter between Min_Data=0x00 and Max_Data=0x
 138:../../Drivers/STM32H7xx_HAL_Driver/Src/stm32h7xx_hal_i2c_ex.c ****   * @retval HAL status
 139:../../Drivers/STM32H7xx_HAL_Driver/Src/stm32h7xx_hal_i2c_ex.c ****   */
 140:../../Drivers/STM32H7xx_HAL_Driver/Src/stm32h7xx_hal_i2c_ex.c **** HAL_StatusTypeDef HAL_I2CEx_ConfigDigitalFilter(I2C_HandleTypeDef *hi2c, uint32_t DigitalFilter)
 141:../../Drivers/STM32H7xx_HAL_Driver/Src/stm32h7xx_hal_i2c_ex.c **** {
 124              		.loc 1 141 1 is_stmt 1 view -0
 125              		.cfi_startproc
 126              		@ args = 0, pretend = 0, frame = 0
 127              		@ frame_needed = 0, uses_anonymous_args = 0
 128              		@ link register save eliminated.
 142:../../Drivers/STM32H7xx_HAL_Driver/Src/stm32h7xx_hal_i2c_ex.c ****   uint32_t tmpreg;
 129              		.loc 1 142 3 view .LVU34
 143:../../Drivers/STM32H7xx_HAL_Driver/Src/stm32h7xx_hal_i2c_ex.c **** 
 144:../../Drivers/STM32H7xx_HAL_Driver/Src/stm32h7xx_hal_i2c_ex.c ****   /* Check the parameters */
 145:../../Drivers/STM32H7xx_HAL_Driver/Src/stm32h7xx_hal_i2c_ex.c ****   assert_param(IS_I2C_ALL_INSTANCE(hi2c->Instance));
 130              		.loc 1 145 3 view .LVU35
 146:../../Drivers/STM32H7xx_HAL_Driver/Src/stm32h7xx_hal_i2c_ex.c ****   assert_param(IS_I2C_DIGITAL_FILTER(DigitalFilter));
 131              		.loc 1 146 3 view .LVU36
 147:../../Drivers/STM32H7xx_HAL_Driver/Src/stm32h7xx_hal_i2c_ex.c **** 
 148:../../Drivers/STM32H7xx_HAL_Driver/Src/stm32h7xx_hal_i2c_ex.c ****   if (hi2c->State == HAL_I2C_STATE_READY)
 132              		.loc 1 148 3 view .LVU37
 133              		.loc 1 148 11 is_stmt 0 view .LVU38
 134 0000 90F84130 		ldrb	r3, [r0, #65]	@ zero_extendqisi2
 135 0004 DBB2     		uxtb	r3, r3
 136              		.loc 1 148 6 view .LVU39
 137 0006 202B     		cmp	r3, #32
 138 0008 22D1     		bne	.L7
 149:../../Drivers/STM32H7xx_HAL_Driver/Src/stm32h7xx_hal_i2c_ex.c ****   {
ARM GAS  C:\Users\gigig\AppData\Local\Temp\ccvJsVGC.s 			page 6


 150:../../Drivers/STM32H7xx_HAL_Driver/Src/stm32h7xx_hal_i2c_ex.c ****     /* Process Locked */
 151:../../Drivers/STM32H7xx_HAL_Driver/Src/stm32h7xx_hal_i2c_ex.c ****     __HAL_LOCK(hi2c);
 139              		.loc 1 151 5 is_stmt 1 view .LVU40
 140              		.loc 1 151 5 view .LVU41
 141 000a 90F84030 		ldrb	r3, [r0, #64]	@ zero_extendqisi2
 142 000e 012B     		cmp	r3, #1
 143 0010 20D0     		beq	.L8
 144              		.loc 1 151 5 discriminator 2 view .LVU42
 145 0012 0123     		movs	r3, #1
 146 0014 80F84030 		strb	r3, [r0, #64]
 147              		.loc 1 151 5 discriminator 2 view .LVU43
 152:../../Drivers/STM32H7xx_HAL_Driver/Src/stm32h7xx_hal_i2c_ex.c **** 
 153:../../Drivers/STM32H7xx_HAL_Driver/Src/stm32h7xx_hal_i2c_ex.c ****     hi2c->State = HAL_I2C_STATE_BUSY;
 148              		.loc 1 153 5 discriminator 2 view .LVU44
 149              		.loc 1 153 17 is_stmt 0 discriminator 2 view .LVU45
 150 0018 2423     		movs	r3, #36
 151 001a 80F84130 		strb	r3, [r0, #65]
 154:../../Drivers/STM32H7xx_HAL_Driver/Src/stm32h7xx_hal_i2c_ex.c **** 
 155:../../Drivers/STM32H7xx_HAL_Driver/Src/stm32h7xx_hal_i2c_ex.c ****     /* Disable the selected I2C peripheral */
 156:../../Drivers/STM32H7xx_HAL_Driver/Src/stm32h7xx_hal_i2c_ex.c ****     __HAL_I2C_DISABLE(hi2c);
 152              		.loc 1 156 5 is_stmt 1 discriminator 2 view .LVU46
 153 001e 0268     		ldr	r2, [r0]
 154 0020 1368     		ldr	r3, [r2]
 155 0022 23F00103 		bic	r3, r3, #1
 156 0026 1360     		str	r3, [r2]
 157:../../Drivers/STM32H7xx_HAL_Driver/Src/stm32h7xx_hal_i2c_ex.c **** 
 158:../../Drivers/STM32H7xx_HAL_Driver/Src/stm32h7xx_hal_i2c_ex.c ****     /* Get the old register value */
 159:../../Drivers/STM32H7xx_HAL_Driver/Src/stm32h7xx_hal_i2c_ex.c ****     tmpreg = hi2c->Instance->CR1;
 157              		.loc 1 159 5 discriminator 2 view .LVU47
 158              		.loc 1 159 18 is_stmt 0 discriminator 2 view .LVU48
 159 0028 0268     		ldr	r2, [r0]
 160              		.loc 1 159 12 discriminator 2 view .LVU49
 161 002a 1368     		ldr	r3, [r2]
 162              	.LVL8:
 160:../../Drivers/STM32H7xx_HAL_Driver/Src/stm32h7xx_hal_i2c_ex.c **** 
 161:../../Drivers/STM32H7xx_HAL_Driver/Src/stm32h7xx_hal_i2c_ex.c ****     /* Reset I2Cx DNF bits [11:8] */
 162:../../Drivers/STM32H7xx_HAL_Driver/Src/stm32h7xx_hal_i2c_ex.c ****     tmpreg &= ~(I2C_CR1_DNF);
 163              		.loc 1 162 5 is_stmt 1 discriminator 2 view .LVU50
 164              		.loc 1 162 12 is_stmt 0 discriminator 2 view .LVU51
 165 002c 23F47063 		bic	r3, r3, #3840
 166              	.LVL9:
 163:../../Drivers/STM32H7xx_HAL_Driver/Src/stm32h7xx_hal_i2c_ex.c **** 
 164:../../Drivers/STM32H7xx_HAL_Driver/Src/stm32h7xx_hal_i2c_ex.c ****     /* Set I2Cx DNF coefficient */
 165:../../Drivers/STM32H7xx_HAL_Driver/Src/stm32h7xx_hal_i2c_ex.c ****     tmpreg |= DigitalFilter << 8U;
 167              		.loc 1 165 5 is_stmt 1 discriminator 2 view .LVU52
 168              		.loc 1 165 12 is_stmt 0 discriminator 2 view .LVU53
 169 0030 43EA0121 		orr	r1, r3, r1, lsl #8
 170              	.LVL10:
 166:../../Drivers/STM32H7xx_HAL_Driver/Src/stm32h7xx_hal_i2c_ex.c **** 
 167:../../Drivers/STM32H7xx_HAL_Driver/Src/stm32h7xx_hal_i2c_ex.c ****     /* Store the new register value */
 168:../../Drivers/STM32H7xx_HAL_Driver/Src/stm32h7xx_hal_i2c_ex.c ****     hi2c->Instance->CR1 = tmpreg;
 171              		.loc 1 168 5 is_stmt 1 discriminator 2 view .LVU54
 172              		.loc 1 168 25 is_stmt 0 discriminator 2 view .LVU55
 173 0034 1160     		str	r1, [r2]
 169:../../Drivers/STM32H7xx_HAL_Driver/Src/stm32h7xx_hal_i2c_ex.c **** 
 170:../../Drivers/STM32H7xx_HAL_Driver/Src/stm32h7xx_hal_i2c_ex.c ****     __HAL_I2C_ENABLE(hi2c);
 174              		.loc 1 170 5 is_stmt 1 discriminator 2 view .LVU56
ARM GAS  C:\Users\gigig\AppData\Local\Temp\ccvJsVGC.s 			page 7


 175 0036 0268     		ldr	r2, [r0]
 176 0038 1368     		ldr	r3, [r2]
 177 003a 43F00103 		orr	r3, r3, #1
 178 003e 1360     		str	r3, [r2]
 171:../../Drivers/STM32H7xx_HAL_Driver/Src/stm32h7xx_hal_i2c_ex.c **** 
 172:../../Drivers/STM32H7xx_HAL_Driver/Src/stm32h7xx_hal_i2c_ex.c ****     hi2c->State = HAL_I2C_STATE_READY;
 179              		.loc 1 172 5 discriminator 2 view .LVU57
 180              		.loc 1 172 17 is_stmt 0 discriminator 2 view .LVU58
 181 0040 2023     		movs	r3, #32
 182 0042 80F84130 		strb	r3, [r0, #65]
 173:../../Drivers/STM32H7xx_HAL_Driver/Src/stm32h7xx_hal_i2c_ex.c **** 
 174:../../Drivers/STM32H7xx_HAL_Driver/Src/stm32h7xx_hal_i2c_ex.c ****     /* Process Unlocked */
 175:../../Drivers/STM32H7xx_HAL_Driver/Src/stm32h7xx_hal_i2c_ex.c ****     __HAL_UNLOCK(hi2c);
 183              		.loc 1 175 5 is_stmt 1 discriminator 2 view .LVU59
 184              		.loc 1 175 5 discriminator 2 view .LVU60
 185 0046 0023     		movs	r3, #0
 186 0048 80F84030 		strb	r3, [r0, #64]
 187              		.loc 1 175 5 discriminator 2 view .LVU61
 176:../../Drivers/STM32H7xx_HAL_Driver/Src/stm32h7xx_hal_i2c_ex.c **** 
 177:../../Drivers/STM32H7xx_HAL_Driver/Src/stm32h7xx_hal_i2c_ex.c ****     return HAL_OK;
 188              		.loc 1 177 5 discriminator 2 view .LVU62
 189              		.loc 1 177 12 is_stmt 0 discriminator 2 view .LVU63
 190 004c 1846     		mov	r0, r3
 191              	.LVL11:
 192              		.loc 1 177 12 discriminator 2 view .LVU64
 193 004e 7047     		bx	lr
 194              	.LVL12:
 195              	.L7:
 178:../../Drivers/STM32H7xx_HAL_Driver/Src/stm32h7xx_hal_i2c_ex.c ****   }
 179:../../Drivers/STM32H7xx_HAL_Driver/Src/stm32h7xx_hal_i2c_ex.c ****   else
 180:../../Drivers/STM32H7xx_HAL_Driver/Src/stm32h7xx_hal_i2c_ex.c ****   {
 181:../../Drivers/STM32H7xx_HAL_Driver/Src/stm32h7xx_hal_i2c_ex.c ****     return HAL_BUSY;
 196              		.loc 1 181 12 view .LVU65
 197 0050 0220     		movs	r0, #2
 198              	.LVL13:
 199              		.loc 1 181 12 view .LVU66
 200 0052 7047     		bx	lr
 201              	.LVL14:
 202              	.L8:
 151:../../Drivers/STM32H7xx_HAL_Driver/Src/stm32h7xx_hal_i2c_ex.c **** 
 203              		.loc 1 151 5 view .LVU67
 204 0054 0220     		movs	r0, #2
 205              	.LVL15:
 182:../../Drivers/STM32H7xx_HAL_Driver/Src/stm32h7xx_hal_i2c_ex.c ****   }
 183:../../Drivers/STM32H7xx_HAL_Driver/Src/stm32h7xx_hal_i2c_ex.c **** }
 206              		.loc 1 183 1 view .LVU68
 207 0056 7047     		bx	lr
 208              		.cfi_endproc
 209              	.LFE145:
 211              		.section	.text.HAL_I2CEx_EnableWakeUp,"ax",%progbits
 212              		.align	1
 213              		.global	HAL_I2CEx_EnableWakeUp
 214              		.syntax unified
 215              		.thumb
 216              		.thumb_func
 218              	HAL_I2CEx_EnableWakeUp:
 219              	.LVL16:
ARM GAS  C:\Users\gigig\AppData\Local\Temp\ccvJsVGC.s 			page 8


 220              	.LFB146:
 184:../../Drivers/STM32H7xx_HAL_Driver/Src/stm32h7xx_hal_i2c_ex.c **** /**
 185:../../Drivers/STM32H7xx_HAL_Driver/Src/stm32h7xx_hal_i2c_ex.c ****   * @}
 186:../../Drivers/STM32H7xx_HAL_Driver/Src/stm32h7xx_hal_i2c_ex.c ****   */
 187:../../Drivers/STM32H7xx_HAL_Driver/Src/stm32h7xx_hal_i2c_ex.c **** 
 188:../../Drivers/STM32H7xx_HAL_Driver/Src/stm32h7xx_hal_i2c_ex.c **** /** @defgroup I2CEx_Exported_Functions_Group2 WakeUp Mode Functions
 189:../../Drivers/STM32H7xx_HAL_Driver/Src/stm32h7xx_hal_i2c_ex.c ****   * @brief    WakeUp Mode Functions
 190:../../Drivers/STM32H7xx_HAL_Driver/Src/stm32h7xx_hal_i2c_ex.c ****   *
 191:../../Drivers/STM32H7xx_HAL_Driver/Src/stm32h7xx_hal_i2c_ex.c **** @verbatim
 192:../../Drivers/STM32H7xx_HAL_Driver/Src/stm32h7xx_hal_i2c_ex.c ****  ===============================================================================
 193:../../Drivers/STM32H7xx_HAL_Driver/Src/stm32h7xx_hal_i2c_ex.c ****                       ##### WakeUp Mode Functions #####
 194:../../Drivers/STM32H7xx_HAL_Driver/Src/stm32h7xx_hal_i2c_ex.c ****  ===============================================================================
 195:../../Drivers/STM32H7xx_HAL_Driver/Src/stm32h7xx_hal_i2c_ex.c ****     [..] This section provides functions allowing to:
 196:../../Drivers/STM32H7xx_HAL_Driver/Src/stm32h7xx_hal_i2c_ex.c ****       (+) Configure Wake Up Feature
 197:../../Drivers/STM32H7xx_HAL_Driver/Src/stm32h7xx_hal_i2c_ex.c **** 
 198:../../Drivers/STM32H7xx_HAL_Driver/Src/stm32h7xx_hal_i2c_ex.c **** @endverbatim
 199:../../Drivers/STM32H7xx_HAL_Driver/Src/stm32h7xx_hal_i2c_ex.c ****   * @{
 200:../../Drivers/STM32H7xx_HAL_Driver/Src/stm32h7xx_hal_i2c_ex.c ****   */
 201:../../Drivers/STM32H7xx_HAL_Driver/Src/stm32h7xx_hal_i2c_ex.c **** 
 202:../../Drivers/STM32H7xx_HAL_Driver/Src/stm32h7xx_hal_i2c_ex.c **** /**
 203:../../Drivers/STM32H7xx_HAL_Driver/Src/stm32h7xx_hal_i2c_ex.c ****   * @brief  Enable I2C wakeup from Stop mode(s).
 204:../../Drivers/STM32H7xx_HAL_Driver/Src/stm32h7xx_hal_i2c_ex.c ****   * @param  hi2c Pointer to a I2C_HandleTypeDef structure that contains
 205:../../Drivers/STM32H7xx_HAL_Driver/Src/stm32h7xx_hal_i2c_ex.c ****   *                the configuration information for the specified I2Cx peripheral.
 206:../../Drivers/STM32H7xx_HAL_Driver/Src/stm32h7xx_hal_i2c_ex.c ****   * @retval HAL status
 207:../../Drivers/STM32H7xx_HAL_Driver/Src/stm32h7xx_hal_i2c_ex.c ****   */
 208:../../Drivers/STM32H7xx_HAL_Driver/Src/stm32h7xx_hal_i2c_ex.c **** HAL_StatusTypeDef HAL_I2CEx_EnableWakeUp(I2C_HandleTypeDef *hi2c)
 209:../../Drivers/STM32H7xx_HAL_Driver/Src/stm32h7xx_hal_i2c_ex.c **** {
 221              		.loc 1 209 1 is_stmt 1 view -0
 222              		.cfi_startproc
 223              		@ args = 0, pretend = 0, frame = 0
 224              		@ frame_needed = 0, uses_anonymous_args = 0
 225              		@ link register save eliminated.
 210:../../Drivers/STM32H7xx_HAL_Driver/Src/stm32h7xx_hal_i2c_ex.c ****   /* Check the parameters */
 211:../../Drivers/STM32H7xx_HAL_Driver/Src/stm32h7xx_hal_i2c_ex.c ****   assert_param(IS_I2C_WAKEUP_FROMSTOP_INSTANCE(hi2c->Instance));
 226              		.loc 1 211 3 view .LVU70
 212:../../Drivers/STM32H7xx_HAL_Driver/Src/stm32h7xx_hal_i2c_ex.c **** 
 213:../../Drivers/STM32H7xx_HAL_Driver/Src/stm32h7xx_hal_i2c_ex.c ****   if (hi2c->State == HAL_I2C_STATE_READY)
 227              		.loc 1 213 3 view .LVU71
 228              		.loc 1 213 11 is_stmt 0 view .LVU72
 229 0000 90F84130 		ldrb	r3, [r0, #65]	@ zero_extendqisi2
 230 0004 DBB2     		uxtb	r3, r3
 231              		.loc 1 213 6 view .LVU73
 232 0006 202B     		cmp	r3, #32
 233 0008 20D1     		bne	.L11
 214:../../Drivers/STM32H7xx_HAL_Driver/Src/stm32h7xx_hal_i2c_ex.c ****   {
 215:../../Drivers/STM32H7xx_HAL_Driver/Src/stm32h7xx_hal_i2c_ex.c ****     /* Process Locked */
 216:../../Drivers/STM32H7xx_HAL_Driver/Src/stm32h7xx_hal_i2c_ex.c ****     __HAL_LOCK(hi2c);
 234              		.loc 1 216 5 is_stmt 1 view .LVU74
 235              		.loc 1 216 5 view .LVU75
 236 000a 90F84030 		ldrb	r3, [r0, #64]	@ zero_extendqisi2
 237 000e 012B     		cmp	r3, #1
 238 0010 1ED0     		beq	.L12
 239              		.loc 1 216 5 discriminator 2 view .LVU76
 240 0012 0123     		movs	r3, #1
 241 0014 80F84030 		strb	r3, [r0, #64]
 242              		.loc 1 216 5 discriminator 2 view .LVU77
 217:../../Drivers/STM32H7xx_HAL_Driver/Src/stm32h7xx_hal_i2c_ex.c **** 
ARM GAS  C:\Users\gigig\AppData\Local\Temp\ccvJsVGC.s 			page 9


 218:../../Drivers/STM32H7xx_HAL_Driver/Src/stm32h7xx_hal_i2c_ex.c ****     hi2c->State = HAL_I2C_STATE_BUSY;
 243              		.loc 1 218 5 discriminator 2 view .LVU78
 244              		.loc 1 218 17 is_stmt 0 discriminator 2 view .LVU79
 245 0018 2423     		movs	r3, #36
 246 001a 80F84130 		strb	r3, [r0, #65]
 219:../../Drivers/STM32H7xx_HAL_Driver/Src/stm32h7xx_hal_i2c_ex.c **** 
 220:../../Drivers/STM32H7xx_HAL_Driver/Src/stm32h7xx_hal_i2c_ex.c ****     /* Disable the selected I2C peripheral */
 221:../../Drivers/STM32H7xx_HAL_Driver/Src/stm32h7xx_hal_i2c_ex.c ****     __HAL_I2C_DISABLE(hi2c);
 247              		.loc 1 221 5 is_stmt 1 discriminator 2 view .LVU80
 248 001e 0268     		ldr	r2, [r0]
 249 0020 1368     		ldr	r3, [r2]
 250 0022 23F00103 		bic	r3, r3, #1
 251 0026 1360     		str	r3, [r2]
 222:../../Drivers/STM32H7xx_HAL_Driver/Src/stm32h7xx_hal_i2c_ex.c **** 
 223:../../Drivers/STM32H7xx_HAL_Driver/Src/stm32h7xx_hal_i2c_ex.c ****     /* Enable wakeup from stop mode */
 224:../../Drivers/STM32H7xx_HAL_Driver/Src/stm32h7xx_hal_i2c_ex.c ****     hi2c->Instance->CR1 |= I2C_CR1_WUPEN;
 252              		.loc 1 224 5 discriminator 2 view .LVU81
 253              		.loc 1 224 9 is_stmt 0 discriminator 2 view .LVU82
 254 0028 0268     		ldr	r2, [r0]
 255              		.loc 1 224 25 discriminator 2 view .LVU83
 256 002a 1368     		ldr	r3, [r2]
 257 002c 43F48023 		orr	r3, r3, #262144
 258 0030 1360     		str	r3, [r2]
 225:../../Drivers/STM32H7xx_HAL_Driver/Src/stm32h7xx_hal_i2c_ex.c **** 
 226:../../Drivers/STM32H7xx_HAL_Driver/Src/stm32h7xx_hal_i2c_ex.c ****     __HAL_I2C_ENABLE(hi2c);
 259              		.loc 1 226 5 is_stmt 1 discriminator 2 view .LVU84
 260 0032 0268     		ldr	r2, [r0]
 261 0034 1368     		ldr	r3, [r2]
 262 0036 43F00103 		orr	r3, r3, #1
 263 003a 1360     		str	r3, [r2]
 227:../../Drivers/STM32H7xx_HAL_Driver/Src/stm32h7xx_hal_i2c_ex.c **** 
 228:../../Drivers/STM32H7xx_HAL_Driver/Src/stm32h7xx_hal_i2c_ex.c ****     hi2c->State = HAL_I2C_STATE_READY;
 264              		.loc 1 228 5 discriminator 2 view .LVU85
 265              		.loc 1 228 17 is_stmt 0 discriminator 2 view .LVU86
 266 003c 2023     		movs	r3, #32
 267 003e 80F84130 		strb	r3, [r0, #65]
 229:../../Drivers/STM32H7xx_HAL_Driver/Src/stm32h7xx_hal_i2c_ex.c **** 
 230:../../Drivers/STM32H7xx_HAL_Driver/Src/stm32h7xx_hal_i2c_ex.c ****     /* Process Unlocked */
 231:../../Drivers/STM32H7xx_HAL_Driver/Src/stm32h7xx_hal_i2c_ex.c ****     __HAL_UNLOCK(hi2c);
 268              		.loc 1 231 5 is_stmt 1 discriminator 2 view .LVU87
 269              		.loc 1 231 5 discriminator 2 view .LVU88
 270 0042 0023     		movs	r3, #0
 271 0044 80F84030 		strb	r3, [r0, #64]
 272              		.loc 1 231 5 discriminator 2 view .LVU89
 232:../../Drivers/STM32H7xx_HAL_Driver/Src/stm32h7xx_hal_i2c_ex.c **** 
 233:../../Drivers/STM32H7xx_HAL_Driver/Src/stm32h7xx_hal_i2c_ex.c ****     return HAL_OK;
 273              		.loc 1 233 5 discriminator 2 view .LVU90
 274              		.loc 1 233 12 is_stmt 0 discriminator 2 view .LVU91
 275 0048 1846     		mov	r0, r3
 276              	.LVL17:
 277              		.loc 1 233 12 discriminator 2 view .LVU92
 278 004a 7047     		bx	lr
 279              	.LVL18:
 280              	.L11:
 234:../../Drivers/STM32H7xx_HAL_Driver/Src/stm32h7xx_hal_i2c_ex.c ****   }
 235:../../Drivers/STM32H7xx_HAL_Driver/Src/stm32h7xx_hal_i2c_ex.c ****   else
 236:../../Drivers/STM32H7xx_HAL_Driver/Src/stm32h7xx_hal_i2c_ex.c ****   {
ARM GAS  C:\Users\gigig\AppData\Local\Temp\ccvJsVGC.s 			page 10


 237:../../Drivers/STM32H7xx_HAL_Driver/Src/stm32h7xx_hal_i2c_ex.c ****     return HAL_BUSY;
 281              		.loc 1 237 12 view .LVU93
 282 004c 0220     		movs	r0, #2
 283              	.LVL19:
 284              		.loc 1 237 12 view .LVU94
 285 004e 7047     		bx	lr
 286              	.LVL20:
 287              	.L12:
 216:../../Drivers/STM32H7xx_HAL_Driver/Src/stm32h7xx_hal_i2c_ex.c **** 
 288              		.loc 1 216 5 view .LVU95
 289 0050 0220     		movs	r0, #2
 290              	.LVL21:
 238:../../Drivers/STM32H7xx_HAL_Driver/Src/stm32h7xx_hal_i2c_ex.c ****   }
 239:../../Drivers/STM32H7xx_HAL_Driver/Src/stm32h7xx_hal_i2c_ex.c **** }
 291              		.loc 1 239 1 view .LVU96
 292 0052 7047     		bx	lr
 293              		.cfi_endproc
 294              	.LFE146:
 296              		.section	.text.HAL_I2CEx_DisableWakeUp,"ax",%progbits
 297              		.align	1
 298              		.global	HAL_I2CEx_DisableWakeUp
 299              		.syntax unified
 300              		.thumb
 301              		.thumb_func
 303              	HAL_I2CEx_DisableWakeUp:
 304              	.LVL22:
 305              	.LFB147:
 240:../../Drivers/STM32H7xx_HAL_Driver/Src/stm32h7xx_hal_i2c_ex.c **** 
 241:../../Drivers/STM32H7xx_HAL_Driver/Src/stm32h7xx_hal_i2c_ex.c **** /**
 242:../../Drivers/STM32H7xx_HAL_Driver/Src/stm32h7xx_hal_i2c_ex.c ****   * @brief  Disable I2C wakeup from Stop mode(s).
 243:../../Drivers/STM32H7xx_HAL_Driver/Src/stm32h7xx_hal_i2c_ex.c ****   * @param  hi2c Pointer to a I2C_HandleTypeDef structure that contains
 244:../../Drivers/STM32H7xx_HAL_Driver/Src/stm32h7xx_hal_i2c_ex.c ****   *                the configuration information for the specified I2Cx peripheral.
 245:../../Drivers/STM32H7xx_HAL_Driver/Src/stm32h7xx_hal_i2c_ex.c ****   * @retval HAL status
 246:../../Drivers/STM32H7xx_HAL_Driver/Src/stm32h7xx_hal_i2c_ex.c ****   */
 247:../../Drivers/STM32H7xx_HAL_Driver/Src/stm32h7xx_hal_i2c_ex.c **** HAL_StatusTypeDef HAL_I2CEx_DisableWakeUp(I2C_HandleTypeDef *hi2c)
 248:../../Drivers/STM32H7xx_HAL_Driver/Src/stm32h7xx_hal_i2c_ex.c **** {
 306              		.loc 1 248 1 is_stmt 1 view -0
 307              		.cfi_startproc
 308              		@ args = 0, pretend = 0, frame = 0
 309              		@ frame_needed = 0, uses_anonymous_args = 0
 310              		@ link register save eliminated.
 249:../../Drivers/STM32H7xx_HAL_Driver/Src/stm32h7xx_hal_i2c_ex.c ****   /* Check the parameters */
 250:../../Drivers/STM32H7xx_HAL_Driver/Src/stm32h7xx_hal_i2c_ex.c ****   assert_param(IS_I2C_WAKEUP_FROMSTOP_INSTANCE(hi2c->Instance));
 311              		.loc 1 250 3 view .LVU98
 251:../../Drivers/STM32H7xx_HAL_Driver/Src/stm32h7xx_hal_i2c_ex.c **** 
 252:../../Drivers/STM32H7xx_HAL_Driver/Src/stm32h7xx_hal_i2c_ex.c ****   if (hi2c->State == HAL_I2C_STATE_READY)
 312              		.loc 1 252 3 view .LVU99
 313              		.loc 1 252 11 is_stmt 0 view .LVU100
 314 0000 90F84130 		ldrb	r3, [r0, #65]	@ zero_extendqisi2
 315 0004 DBB2     		uxtb	r3, r3
 316              		.loc 1 252 6 view .LVU101
 317 0006 202B     		cmp	r3, #32
 318 0008 20D1     		bne	.L15
 253:../../Drivers/STM32H7xx_HAL_Driver/Src/stm32h7xx_hal_i2c_ex.c ****   {
 254:../../Drivers/STM32H7xx_HAL_Driver/Src/stm32h7xx_hal_i2c_ex.c ****     /* Process Locked */
 255:../../Drivers/STM32H7xx_HAL_Driver/Src/stm32h7xx_hal_i2c_ex.c ****     __HAL_LOCK(hi2c);
 319              		.loc 1 255 5 is_stmt 1 view .LVU102
ARM GAS  C:\Users\gigig\AppData\Local\Temp\ccvJsVGC.s 			page 11


 320              		.loc 1 255 5 view .LVU103
 321 000a 90F84030 		ldrb	r3, [r0, #64]	@ zero_extendqisi2
 322 000e 012B     		cmp	r3, #1
 323 0010 1ED0     		beq	.L16
 324              		.loc 1 255 5 discriminator 2 view .LVU104
 325 0012 0123     		movs	r3, #1
 326 0014 80F84030 		strb	r3, [r0, #64]
 327              		.loc 1 255 5 discriminator 2 view .LVU105
 256:../../Drivers/STM32H7xx_HAL_Driver/Src/stm32h7xx_hal_i2c_ex.c **** 
 257:../../Drivers/STM32H7xx_HAL_Driver/Src/stm32h7xx_hal_i2c_ex.c ****     hi2c->State = HAL_I2C_STATE_BUSY;
 328              		.loc 1 257 5 discriminator 2 view .LVU106
 329              		.loc 1 257 17 is_stmt 0 discriminator 2 view .LVU107
 330 0018 2423     		movs	r3, #36
 331 001a 80F84130 		strb	r3, [r0, #65]
 258:../../Drivers/STM32H7xx_HAL_Driver/Src/stm32h7xx_hal_i2c_ex.c **** 
 259:../../Drivers/STM32H7xx_HAL_Driver/Src/stm32h7xx_hal_i2c_ex.c ****     /* Disable the selected I2C peripheral */
 260:../../Drivers/STM32H7xx_HAL_Driver/Src/stm32h7xx_hal_i2c_ex.c ****     __HAL_I2C_DISABLE(hi2c);
 332              		.loc 1 260 5 is_stmt 1 discriminator 2 view .LVU108
 333 001e 0268     		ldr	r2, [r0]
 334 0020 1368     		ldr	r3, [r2]
 335 0022 23F00103 		bic	r3, r3, #1
 336 0026 1360     		str	r3, [r2]
 261:../../Drivers/STM32H7xx_HAL_Driver/Src/stm32h7xx_hal_i2c_ex.c **** 
 262:../../Drivers/STM32H7xx_HAL_Driver/Src/stm32h7xx_hal_i2c_ex.c ****     /* Enable wakeup from stop mode */
 263:../../Drivers/STM32H7xx_HAL_Driver/Src/stm32h7xx_hal_i2c_ex.c ****     hi2c->Instance->CR1 &= ~(I2C_CR1_WUPEN);
 337              		.loc 1 263 5 discriminator 2 view .LVU109
 338              		.loc 1 263 9 is_stmt 0 discriminator 2 view .LVU110
 339 0028 0268     		ldr	r2, [r0]
 340              		.loc 1 263 25 discriminator 2 view .LVU111
 341 002a 1368     		ldr	r3, [r2]
 342 002c 23F48023 		bic	r3, r3, #262144
 343 0030 1360     		str	r3, [r2]
 264:../../Drivers/STM32H7xx_HAL_Driver/Src/stm32h7xx_hal_i2c_ex.c **** 
 265:../../Drivers/STM32H7xx_HAL_Driver/Src/stm32h7xx_hal_i2c_ex.c ****     __HAL_I2C_ENABLE(hi2c);
 344              		.loc 1 265 5 is_stmt 1 discriminator 2 view .LVU112
 345 0032 0268     		ldr	r2, [r0]
 346 0034 1368     		ldr	r3, [r2]
 347 0036 43F00103 		orr	r3, r3, #1
 348 003a 1360     		str	r3, [r2]
 266:../../Drivers/STM32H7xx_HAL_Driver/Src/stm32h7xx_hal_i2c_ex.c **** 
 267:../../Drivers/STM32H7xx_HAL_Driver/Src/stm32h7xx_hal_i2c_ex.c ****     hi2c->State = HAL_I2C_STATE_READY;
 349              		.loc 1 267 5 discriminator 2 view .LVU113
 350              		.loc 1 267 17 is_stmt 0 discriminator 2 view .LVU114
 351 003c 2023     		movs	r3, #32
 352 003e 80F84130 		strb	r3, [r0, #65]
 268:../../Drivers/STM32H7xx_HAL_Driver/Src/stm32h7xx_hal_i2c_ex.c **** 
 269:../../Drivers/STM32H7xx_HAL_Driver/Src/stm32h7xx_hal_i2c_ex.c ****     /* Process Unlocked */
 270:../../Drivers/STM32H7xx_HAL_Driver/Src/stm32h7xx_hal_i2c_ex.c ****     __HAL_UNLOCK(hi2c);
 353              		.loc 1 270 5 is_stmt 1 discriminator 2 view .LVU115
 354              		.loc 1 270 5 discriminator 2 view .LVU116
 355 0042 0023     		movs	r3, #0
 356 0044 80F84030 		strb	r3, [r0, #64]
 357              		.loc 1 270 5 discriminator 2 view .LVU117
 271:../../Drivers/STM32H7xx_HAL_Driver/Src/stm32h7xx_hal_i2c_ex.c **** 
 272:../../Drivers/STM32H7xx_HAL_Driver/Src/stm32h7xx_hal_i2c_ex.c ****     return HAL_OK;
 358              		.loc 1 272 5 discriminator 2 view .LVU118
 359              		.loc 1 272 12 is_stmt 0 discriminator 2 view .LVU119
ARM GAS  C:\Users\gigig\AppData\Local\Temp\ccvJsVGC.s 			page 12


 360 0048 1846     		mov	r0, r3
 361              	.LVL23:
 362              		.loc 1 272 12 discriminator 2 view .LVU120
 363 004a 7047     		bx	lr
 364              	.LVL24:
 365              	.L15:
 273:../../Drivers/STM32H7xx_HAL_Driver/Src/stm32h7xx_hal_i2c_ex.c ****   }
 274:../../Drivers/STM32H7xx_HAL_Driver/Src/stm32h7xx_hal_i2c_ex.c ****   else
 275:../../Drivers/STM32H7xx_HAL_Driver/Src/stm32h7xx_hal_i2c_ex.c ****   {
 276:../../Drivers/STM32H7xx_HAL_Driver/Src/stm32h7xx_hal_i2c_ex.c ****     return HAL_BUSY;
 366              		.loc 1 276 12 view .LVU121
 367 004c 0220     		movs	r0, #2
 368              	.LVL25:
 369              		.loc 1 276 12 view .LVU122
 370 004e 7047     		bx	lr
 371              	.LVL26:
 372              	.L16:
 255:../../Drivers/STM32H7xx_HAL_Driver/Src/stm32h7xx_hal_i2c_ex.c **** 
 373              		.loc 1 255 5 view .LVU123
 374 0050 0220     		movs	r0, #2
 375              	.LVL27:
 277:../../Drivers/STM32H7xx_HAL_Driver/Src/stm32h7xx_hal_i2c_ex.c ****   }
 278:../../Drivers/STM32H7xx_HAL_Driver/Src/stm32h7xx_hal_i2c_ex.c **** }
 376              		.loc 1 278 1 view .LVU124
 377 0052 7047     		bx	lr
 378              		.cfi_endproc
 379              	.LFE147:
 381              		.section	.text.HAL_I2CEx_EnableFastModePlus,"ax",%progbits
 382              		.align	1
 383              		.global	HAL_I2CEx_EnableFastModePlus
 384              		.syntax unified
 385              		.thumb
 386              		.thumb_func
 388              	HAL_I2CEx_EnableFastModePlus:
 389              	.LVL28:
 390              	.LFB148:
 279:../../Drivers/STM32H7xx_HAL_Driver/Src/stm32h7xx_hal_i2c_ex.c **** /**
 280:../../Drivers/STM32H7xx_HAL_Driver/Src/stm32h7xx_hal_i2c_ex.c ****   * @}
 281:../../Drivers/STM32H7xx_HAL_Driver/Src/stm32h7xx_hal_i2c_ex.c ****   */
 282:../../Drivers/STM32H7xx_HAL_Driver/Src/stm32h7xx_hal_i2c_ex.c **** 
 283:../../Drivers/STM32H7xx_HAL_Driver/Src/stm32h7xx_hal_i2c_ex.c **** /** @defgroup I2CEx_Exported_Functions_Group3 Fast Mode Plus Functions
 284:../../Drivers/STM32H7xx_HAL_Driver/Src/stm32h7xx_hal_i2c_ex.c ****   * @brief    Fast Mode Plus Functions
 285:../../Drivers/STM32H7xx_HAL_Driver/Src/stm32h7xx_hal_i2c_ex.c ****   *
 286:../../Drivers/STM32H7xx_HAL_Driver/Src/stm32h7xx_hal_i2c_ex.c **** @verbatim
 287:../../Drivers/STM32H7xx_HAL_Driver/Src/stm32h7xx_hal_i2c_ex.c ****  ===============================================================================
 288:../../Drivers/STM32H7xx_HAL_Driver/Src/stm32h7xx_hal_i2c_ex.c ****                       ##### Fast Mode Plus Functions #####
 289:../../Drivers/STM32H7xx_HAL_Driver/Src/stm32h7xx_hal_i2c_ex.c ****  ===============================================================================
 290:../../Drivers/STM32H7xx_HAL_Driver/Src/stm32h7xx_hal_i2c_ex.c ****     [..] This section provides functions allowing to:
 291:../../Drivers/STM32H7xx_HAL_Driver/Src/stm32h7xx_hal_i2c_ex.c ****       (+) Configure Fast Mode Plus
 292:../../Drivers/STM32H7xx_HAL_Driver/Src/stm32h7xx_hal_i2c_ex.c **** 
 293:../../Drivers/STM32H7xx_HAL_Driver/Src/stm32h7xx_hal_i2c_ex.c **** @endverbatim
 294:../../Drivers/STM32H7xx_HAL_Driver/Src/stm32h7xx_hal_i2c_ex.c ****   * @{
 295:../../Drivers/STM32H7xx_HAL_Driver/Src/stm32h7xx_hal_i2c_ex.c ****   */
 296:../../Drivers/STM32H7xx_HAL_Driver/Src/stm32h7xx_hal_i2c_ex.c **** 
 297:../../Drivers/STM32H7xx_HAL_Driver/Src/stm32h7xx_hal_i2c_ex.c **** /**
 298:../../Drivers/STM32H7xx_HAL_Driver/Src/stm32h7xx_hal_i2c_ex.c ****   * @brief Enable the I2C fast mode plus driving capability.
 299:../../Drivers/STM32H7xx_HAL_Driver/Src/stm32h7xx_hal_i2c_ex.c ****   * @param ConfigFastModePlus Selects the pin.
ARM GAS  C:\Users\gigig\AppData\Local\Temp\ccvJsVGC.s 			page 13


 300:../../Drivers/STM32H7xx_HAL_Driver/Src/stm32h7xx_hal_i2c_ex.c ****   *   This parameter can be one of the @ref I2CEx_FastModePlus values
 301:../../Drivers/STM32H7xx_HAL_Driver/Src/stm32h7xx_hal_i2c_ex.c ****   * @note  For I2C1, fast mode plus driving capability can be enabled on all selected
 302:../../Drivers/STM32H7xx_HAL_Driver/Src/stm32h7xx_hal_i2c_ex.c ****   *        I2C1 pins using I2C_FASTMODEPLUS_I2C1 parameter or independently
 303:../../Drivers/STM32H7xx_HAL_Driver/Src/stm32h7xx_hal_i2c_ex.c ****   *        on each one of the following pins PB6, PB7, PB8 and PB9.
 304:../../Drivers/STM32H7xx_HAL_Driver/Src/stm32h7xx_hal_i2c_ex.c ****   * @note  For remaining I2C1 pins (PA14, PA15...) fast mode plus driving capability
 305:../../Drivers/STM32H7xx_HAL_Driver/Src/stm32h7xx_hal_i2c_ex.c ****   *        can be enabled only by using I2C_FASTMODEPLUS_I2C1 parameter.
 306:../../Drivers/STM32H7xx_HAL_Driver/Src/stm32h7xx_hal_i2c_ex.c ****   * @note  For all I2C2 pins fast mode plus driving capability can be enabled
 307:../../Drivers/STM32H7xx_HAL_Driver/Src/stm32h7xx_hal_i2c_ex.c ****   *        only by using I2C_FASTMODEPLUS_I2C2 parameter.
 308:../../Drivers/STM32H7xx_HAL_Driver/Src/stm32h7xx_hal_i2c_ex.c ****   * @note  For all I2C3 pins fast mode plus driving capability can be enabled
 309:../../Drivers/STM32H7xx_HAL_Driver/Src/stm32h7xx_hal_i2c_ex.c ****   *        only by using I2C_FASTMODEPLUS_I2C3 parameter.
 310:../../Drivers/STM32H7xx_HAL_Driver/Src/stm32h7xx_hal_i2c_ex.c ****   * @note  For all I2C4 pins fast mode plus driving capability can be enabled
 311:../../Drivers/STM32H7xx_HAL_Driver/Src/stm32h7xx_hal_i2c_ex.c ****   *        only by using I2C_FASTMODEPLUS_I2C4 parameter.
 312:../../Drivers/STM32H7xx_HAL_Driver/Src/stm32h7xx_hal_i2c_ex.c ****   * @note  For all I2C5 pins fast mode plus driving capability can be enabled
 313:../../Drivers/STM32H7xx_HAL_Driver/Src/stm32h7xx_hal_i2c_ex.c ****   *        only by using I2C_FASTMODEPLUS_I2C5 parameter.
 314:../../Drivers/STM32H7xx_HAL_Driver/Src/stm32h7xx_hal_i2c_ex.c ****   * @retval None
 315:../../Drivers/STM32H7xx_HAL_Driver/Src/stm32h7xx_hal_i2c_ex.c ****   */
 316:../../Drivers/STM32H7xx_HAL_Driver/Src/stm32h7xx_hal_i2c_ex.c **** void HAL_I2CEx_EnableFastModePlus(uint32_t ConfigFastModePlus)
 317:../../Drivers/STM32H7xx_HAL_Driver/Src/stm32h7xx_hal_i2c_ex.c **** {
 391              		.loc 1 317 1 is_stmt 1 view -0
 392              		.cfi_startproc
 393              		@ args = 0, pretend = 0, frame = 8
 394              		@ frame_needed = 0, uses_anonymous_args = 0
 395              		@ link register save eliminated.
 396              		.loc 1 317 1 is_stmt 0 view .LVU126
 397 0000 82B0     		sub	sp, sp, #8
 398              	.LCFI0:
 399              		.cfi_def_cfa_offset 8
 318:../../Drivers/STM32H7xx_HAL_Driver/Src/stm32h7xx_hal_i2c_ex.c ****   /* Check the parameter */
 319:../../Drivers/STM32H7xx_HAL_Driver/Src/stm32h7xx_hal_i2c_ex.c ****   assert_param(IS_I2C_FASTMODEPLUS(ConfigFastModePlus));
 400              		.loc 1 319 3 is_stmt 1 view .LVU127
 320:../../Drivers/STM32H7xx_HAL_Driver/Src/stm32h7xx_hal_i2c_ex.c **** 
 321:../../Drivers/STM32H7xx_HAL_Driver/Src/stm32h7xx_hal_i2c_ex.c ****   /* Enable SYSCFG clock */
 322:../../Drivers/STM32H7xx_HAL_Driver/Src/stm32h7xx_hal_i2c_ex.c ****   __HAL_RCC_SYSCFG_CLK_ENABLE();
 401              		.loc 1 322 3 view .LVU128
 402              	.LBB2:
 403              		.loc 1 322 3 view .LVU129
 404              		.loc 1 322 3 view .LVU130
 405 0002 094A     		ldr	r2, .L19
 406 0004 D2F8F410 		ldr	r1, [r2, #244]
 407 0008 41F00201 		orr	r1, r1, #2
 408 000c C2F8F410 		str	r1, [r2, #244]
 409              		.loc 1 322 3 view .LVU131
 410 0010 D2F8F420 		ldr	r2, [r2, #244]
 411 0014 02F00202 		and	r2, r2, #2
 412 0018 0192     		str	r2, [sp, #4]
 413              		.loc 1 322 3 view .LVU132
 414 001a 019B     		ldr	r3, [sp, #4]
 415              	.LBE2:
 416              		.loc 1 322 3 view .LVU133
 323:../../Drivers/STM32H7xx_HAL_Driver/Src/stm32h7xx_hal_i2c_ex.c **** 
 324:../../Drivers/STM32H7xx_HAL_Driver/Src/stm32h7xx_hal_i2c_ex.c ****   /* Enable fast mode plus driving capability for selected pin */
 325:../../Drivers/STM32H7xx_HAL_Driver/Src/stm32h7xx_hal_i2c_ex.c ****   SET_BIT(SYSCFG->PMCR, (uint32_t)ConfigFastModePlus);
 417              		.loc 1 325 3 view .LVU134
 418 001c 034A     		ldr	r2, .L19+4
 419 001e 5368     		ldr	r3, [r2, #4]
 420 0020 0343     		orrs	r3, r3, r0
 421 0022 5360     		str	r3, [r2, #4]
ARM GAS  C:\Users\gigig\AppData\Local\Temp\ccvJsVGC.s 			page 14


 326:../../Drivers/STM32H7xx_HAL_Driver/Src/stm32h7xx_hal_i2c_ex.c **** }
 422              		.loc 1 326 1 is_stmt 0 view .LVU135
 423 0024 02B0     		add	sp, sp, #8
 424              	.LCFI1:
 425              		.cfi_def_cfa_offset 0
 426              		@ sp needed
 427 0026 7047     		bx	lr
 428              	.L20:
 429              		.align	2
 430              	.L19:
 431 0028 00440258 		.word	1476543488
 432 002c 00040058 		.word	1476396032
 433              		.cfi_endproc
 434              	.LFE148:
 436              		.section	.text.HAL_I2CEx_DisableFastModePlus,"ax",%progbits
 437              		.align	1
 438              		.global	HAL_I2CEx_DisableFastModePlus
 439              		.syntax unified
 440              		.thumb
 441              		.thumb_func
 443              	HAL_I2CEx_DisableFastModePlus:
 444              	.LVL29:
 445              	.LFB149:
 327:../../Drivers/STM32H7xx_HAL_Driver/Src/stm32h7xx_hal_i2c_ex.c **** 
 328:../../Drivers/STM32H7xx_HAL_Driver/Src/stm32h7xx_hal_i2c_ex.c **** /**
 329:../../Drivers/STM32H7xx_HAL_Driver/Src/stm32h7xx_hal_i2c_ex.c ****   * @brief Disable the I2C fast mode plus driving capability.
 330:../../Drivers/STM32H7xx_HAL_Driver/Src/stm32h7xx_hal_i2c_ex.c ****   * @param ConfigFastModePlus Selects the pin.
 331:../../Drivers/STM32H7xx_HAL_Driver/Src/stm32h7xx_hal_i2c_ex.c ****   *   This parameter can be one of the @ref I2CEx_FastModePlus values
 332:../../Drivers/STM32H7xx_HAL_Driver/Src/stm32h7xx_hal_i2c_ex.c ****   * @note  For I2C1, fast mode plus driving capability can be disabled on all selected
 333:../../Drivers/STM32H7xx_HAL_Driver/Src/stm32h7xx_hal_i2c_ex.c ****   *        I2C1 pins using I2C_FASTMODEPLUS_I2C1 parameter or independently
 334:../../Drivers/STM32H7xx_HAL_Driver/Src/stm32h7xx_hal_i2c_ex.c ****   *        on each one of the following pins PB6, PB7, PB8 and PB9.
 335:../../Drivers/STM32H7xx_HAL_Driver/Src/stm32h7xx_hal_i2c_ex.c ****   * @note  For remaining I2C1 pins (PA14, PA15...) fast mode plus driving capability
 336:../../Drivers/STM32H7xx_HAL_Driver/Src/stm32h7xx_hal_i2c_ex.c ****   *        can be disabled only by using I2C_FASTMODEPLUS_I2C1 parameter.
 337:../../Drivers/STM32H7xx_HAL_Driver/Src/stm32h7xx_hal_i2c_ex.c ****   * @note  For all I2C2 pins fast mode plus driving capability can be disabled
 338:../../Drivers/STM32H7xx_HAL_Driver/Src/stm32h7xx_hal_i2c_ex.c ****   *        only by using I2C_FASTMODEPLUS_I2C2 parameter.
 339:../../Drivers/STM32H7xx_HAL_Driver/Src/stm32h7xx_hal_i2c_ex.c ****   * @note  For all I2C3 pins fast mode plus driving capability can be disabled
 340:../../Drivers/STM32H7xx_HAL_Driver/Src/stm32h7xx_hal_i2c_ex.c ****   *        only by using I2C_FASTMODEPLUS_I2C3 parameter.
 341:../../Drivers/STM32H7xx_HAL_Driver/Src/stm32h7xx_hal_i2c_ex.c ****   * @note  For all I2C4 pins fast mode plus driving capability can be disabled
 342:../../Drivers/STM32H7xx_HAL_Driver/Src/stm32h7xx_hal_i2c_ex.c ****   *        only by using I2C_FASTMODEPLUS_I2C4 parameter.
 343:../../Drivers/STM32H7xx_HAL_Driver/Src/stm32h7xx_hal_i2c_ex.c ****   * @note  For all I2C5 pins fast mode plus driving capability can be disabled
 344:../../Drivers/STM32H7xx_HAL_Driver/Src/stm32h7xx_hal_i2c_ex.c ****   *        only by using I2C_FASTMODEPLUS_I2C5 parameter.
 345:../../Drivers/STM32H7xx_HAL_Driver/Src/stm32h7xx_hal_i2c_ex.c ****   * @retval None
 346:../../Drivers/STM32H7xx_HAL_Driver/Src/stm32h7xx_hal_i2c_ex.c ****   */
 347:../../Drivers/STM32H7xx_HAL_Driver/Src/stm32h7xx_hal_i2c_ex.c **** void HAL_I2CEx_DisableFastModePlus(uint32_t ConfigFastModePlus)
 348:../../Drivers/STM32H7xx_HAL_Driver/Src/stm32h7xx_hal_i2c_ex.c **** {
 446              		.loc 1 348 1 is_stmt 1 view -0
 447              		.cfi_startproc
 448              		@ args = 0, pretend = 0, frame = 8
 449              		@ frame_needed = 0, uses_anonymous_args = 0
 450              		@ link register save eliminated.
 451              		.loc 1 348 1 is_stmt 0 view .LVU137
 452 0000 82B0     		sub	sp, sp, #8
 453              	.LCFI2:
 454              		.cfi_def_cfa_offset 8
 349:../../Drivers/STM32H7xx_HAL_Driver/Src/stm32h7xx_hal_i2c_ex.c ****   /* Check the parameter */
 350:../../Drivers/STM32H7xx_HAL_Driver/Src/stm32h7xx_hal_i2c_ex.c ****   assert_param(IS_I2C_FASTMODEPLUS(ConfigFastModePlus));
 455              		.loc 1 350 3 is_stmt 1 view .LVU138
ARM GAS  C:\Users\gigig\AppData\Local\Temp\ccvJsVGC.s 			page 15


 351:../../Drivers/STM32H7xx_HAL_Driver/Src/stm32h7xx_hal_i2c_ex.c **** 
 352:../../Drivers/STM32H7xx_HAL_Driver/Src/stm32h7xx_hal_i2c_ex.c ****   /* Enable SYSCFG clock */
 353:../../Drivers/STM32H7xx_HAL_Driver/Src/stm32h7xx_hal_i2c_ex.c ****   __HAL_RCC_SYSCFG_CLK_ENABLE();
 456              		.loc 1 353 3 view .LVU139
 457              	.LBB3:
 458              		.loc 1 353 3 view .LVU140
 459              		.loc 1 353 3 view .LVU141
 460 0002 0A4A     		ldr	r2, .L23
 461 0004 D2F8F410 		ldr	r1, [r2, #244]
 462 0008 41F00201 		orr	r1, r1, #2
 463 000c C2F8F410 		str	r1, [r2, #244]
 464              		.loc 1 353 3 view .LVU142
 465 0010 D2F8F420 		ldr	r2, [r2, #244]
 466 0014 02F00202 		and	r2, r2, #2
 467 0018 0192     		str	r2, [sp, #4]
 468              		.loc 1 353 3 view .LVU143
 469 001a 019B     		ldr	r3, [sp, #4]
 470              	.LBE3:
 471              		.loc 1 353 3 view .LVU144
 354:../../Drivers/STM32H7xx_HAL_Driver/Src/stm32h7xx_hal_i2c_ex.c **** 
 355:../../Drivers/STM32H7xx_HAL_Driver/Src/stm32h7xx_hal_i2c_ex.c ****   /* Disable fast mode plus driving capability for selected pin */
 356:../../Drivers/STM32H7xx_HAL_Driver/Src/stm32h7xx_hal_i2c_ex.c ****   CLEAR_BIT(SYSCFG->PMCR, (uint32_t)ConfigFastModePlus);
 472              		.loc 1 356 3 view .LVU145
 473 001c 044A     		ldr	r2, .L23+4
 474 001e 5368     		ldr	r3, [r2, #4]
 475 0020 23EA0003 		bic	r3, r3, r0
 476 0024 5360     		str	r3, [r2, #4]
 357:../../Drivers/STM32H7xx_HAL_Driver/Src/stm32h7xx_hal_i2c_ex.c **** }
 477              		.loc 1 357 1 is_stmt 0 view .LVU146
 478 0026 02B0     		add	sp, sp, #8
 479              	.LCFI3:
 480              		.cfi_def_cfa_offset 0
 481              		@ sp needed
 482 0028 7047     		bx	lr
 483              	.L24:
 484 002a 00BF     		.align	2
 485              	.L23:
 486 002c 00440258 		.word	1476543488
 487 0030 00040058 		.word	1476396032
 488              		.cfi_endproc
 489              	.LFE149:
 491              		.text
 492              	.Letext0:
 493              		.file 2 "c:\\program files (x86)\\gnu arm embedded toolchain\\10 2021.10\\arm-none-eabi\\include\\
 494              		.file 3 "c:\\program files (x86)\\gnu arm embedded toolchain\\10 2021.10\\arm-none-eabi\\include\\
 495              		.file 4 "../../Drivers/CMSIS/Device/ST/STM32H7xx/Include/stm32h755xx.h"
 496              		.file 5 "../../Drivers/STM32H7xx_HAL_Driver/Inc/stm32h7xx_hal_def.h"
 497              		.file 6 "../../Drivers/STM32H7xx_HAL_Driver/Inc/stm32h7xx_hal_dma.h"
 498              		.file 7 "../../Drivers/STM32H7xx_HAL_Driver/Inc/stm32h7xx_hal_i2c.h"
ARM GAS  C:\Users\gigig\AppData\Local\Temp\ccvJsVGC.s 			page 16


DEFINED SYMBOLS
                            *ABS*:00000000 stm32h7xx_hal_i2c_ex.c
C:\Users\gigig\AppData\Local\Temp\ccvJsVGC.s:19     .text.HAL_I2CEx_ConfigAnalogFilter:00000000 $t
C:\Users\gigig\AppData\Local\Temp\ccvJsVGC.s:25     .text.HAL_I2CEx_ConfigAnalogFilter:00000000 HAL_I2CEx_ConfigAnalogFilter
C:\Users\gigig\AppData\Local\Temp\ccvJsVGC.s:115    .text.HAL_I2CEx_ConfigDigitalFilter:00000000 $t
C:\Users\gigig\AppData\Local\Temp\ccvJsVGC.s:121    .text.HAL_I2CEx_ConfigDigitalFilter:00000000 HAL_I2CEx_ConfigDigitalFilter
C:\Users\gigig\AppData\Local\Temp\ccvJsVGC.s:212    .text.HAL_I2CEx_EnableWakeUp:00000000 $t
C:\Users\gigig\AppData\Local\Temp\ccvJsVGC.s:218    .text.HAL_I2CEx_EnableWakeUp:00000000 HAL_I2CEx_EnableWakeUp
C:\Users\gigig\AppData\Local\Temp\ccvJsVGC.s:297    .text.HAL_I2CEx_DisableWakeUp:00000000 $t
C:\Users\gigig\AppData\Local\Temp\ccvJsVGC.s:303    .text.HAL_I2CEx_DisableWakeUp:00000000 HAL_I2CEx_DisableWakeUp
C:\Users\gigig\AppData\Local\Temp\ccvJsVGC.s:382    .text.HAL_I2CEx_EnableFastModePlus:00000000 $t
C:\Users\gigig\AppData\Local\Temp\ccvJsVGC.s:388    .text.HAL_I2CEx_EnableFastModePlus:00000000 HAL_I2CEx_EnableFastModePlus
C:\Users\gigig\AppData\Local\Temp\ccvJsVGC.s:431    .text.HAL_I2CEx_EnableFastModePlus:00000028 $d
C:\Users\gigig\AppData\Local\Temp\ccvJsVGC.s:437    .text.HAL_I2CEx_DisableFastModePlus:00000000 $t
C:\Users\gigig\AppData\Local\Temp\ccvJsVGC.s:443    .text.HAL_I2CEx_DisableFastModePlus:00000000 HAL_I2CEx_DisableFastModePlus
C:\Users\gigig\AppData\Local\Temp\ccvJsVGC.s:486    .text.HAL_I2CEx_DisableFastModePlus:0000002c $d

NO UNDEFINED SYMBOLS
